
Gurobi 10.0.0 (win64) logging started Mon Dec 12 20:15:43 2022

Set parameter LogFile to value "solution/1S_23V_90D/t_1S_23V_90D_a.log"
Gurobi Optimizer version 10.0.0 build v10.0.0rc2 (win64)

CPU model: Intel(R) Core(TM) i7-10700 CPU @ 2.90GHz, instruction set [SSE2|AVX|AVX2]
Thread count: 8 physical cores, 16 logical processors, using up to 16 threads

Optimize a model with 26063 rows, 232429 columns and 1022463 nonzeros
Model fingerprint: 0x040c7f18
Variable types: 736 continuous, 231693 integer (231693 binary)
Coefficient statistics:
  Matrix range     [1e+00, 2e+05]
  Objective range  [4e+01, 2e+07]
  Bounds range     [1e+00, 1e+00]
  RHS range        [1e+00, 1e+07]
Presolve removed 13129 rows and 20007 columns
Presolve time: 0.24s

Explored 0 nodes (0 simplex iterations) in 0.48 seconds (0.51 work units)
Thread count was 1 (of 16 available processors)

Solution count 0

Model is infeasible or unbounded
Best objective -, best bound -, gap -

Gurobi 10.0.0 (win64) logging started Mon Dec 12 20:22:26 2022

Set parameter LogFile to value "solution/1S_23V_90D/t_1S_23V_90D_a.log"
Gurobi Optimizer version 10.0.0 build v10.0.0rc2 (win64)

CPU model: Intel(R) Core(TM) i7-10700 CPU @ 2.90GHz, instruction set [SSE2|AVX|AVX2]
Thread count: 8 physical cores, 16 logical processors, using up to 16 threads

Optimize a model with 26063 rows, 232429 columns and 1022463 nonzeros
Model fingerprint: 0x76ec8f97
Variable types: 736 continuous, 231693 integer (231693 binary)
Coefficient statistics:
  Matrix range     [1e+00, 2e+05]
  Objective range  [4e+01, 2e+07]
  Bounds range     [1e+00, 1e+00]
  RHS range        [1e+00, 1e+07]
Presolve removed 13129 rows and 20007 columns
Presolve time: 0.25s

Explored 0 nodes (0 simplex iterations) in 0.48 seconds (0.51 work units)
Thread count was 1 (of 16 available processors)

Solution count 0

Model is infeasible or unbounded
Best objective -, best bound -, gap -
IIS computation: initial model status unknown, solving to determine model status
Presolve removed 13129 rows and 20035 columns
Presolve time: 0.24s

Explored 0 nodes (0 simplex iterations) in 0.60 seconds (0.51 work units)
Thread count was 1 (of 16 available processors)

Solution count 0
No other solutions better than -1e+100

Model is infeasible
Best objective -, best bound -, gap -

Computing Irreducible Inconsistent Subsystem (IIS)...

           Constraints          |            Bounds           |  Runtime
      Min       Max     Guess   |   Min       Max     Guess   |
--------------------------------------------------------------------------
        0     13596         -         0       736         -           1s
        2         2         2         0         0         0           1s

IIS computed: 2 constraints, 0 bounds
IIS runtime: 1.44 seconds (0.80 work units)

Gurobi 10.0.0 (win64) logging started Mon Dec 12 20:25:01 2022

Set parameter LogFile to value "solution/1S_23V_90D/t_1S_23V_90D_a.log"
Gurobi Optimizer version 10.0.0 build v10.0.0rc2 (win64)

CPU model: Intel(R) Core(TM) i7-10700 CPU @ 2.90GHz, instruction set [SSE2|AVX|AVX2]
Thread count: 8 physical cores, 16 logical processors, using up to 16 threads

Optimize a model with 26063 rows, 232429 columns and 1022463 nonzeros
Model fingerprint: 0xdc6d4dfb
Variable types: 736 continuous, 231693 integer (231693 binary)
Coefficient statistics:
  Matrix range     [1e+00, 2e+05]
  Objective range  [4e+01, 2e+07]
  Bounds range     [1e+00, 1e+00]
  RHS range        [1e+00, 2e+06]
Presolve removed 13747 rows and 29596 columns
Presolve time: 2.02s
Presolved: 12316 rows, 202833 columns, 785346 nonzeros
Variable types: 750 continuous, 202083 integer (202038 binary)
Deterministic concurrent LP optimizer: primal simplex, dual simplex, and barrier
Showing barrier log only...

Root barrier log...

Ordering time: 0.13s

Barrier statistics:
 AA' NZ     : 4.173e+05
 Factor NZ  : 8.138e+05 (roughly 100 MB of memory)
 Factor Ops : 1.904e+08 (less than 1 second per iteration)
 Threads    : 5

                  Objective                Residual
Iter       Primal          Dual         Primal    Dual     Compl     Time
   0  -2.59863529e+15  7.14481417e+13  1.28e+09 3.98e+04  1.23e+11     4s
   1  -3.81879098e+14  6.84052169e+13  1.89e+08 2.33e+05  1.84e+10     4s
   2  -1.84242539e+13  5.43647189e+13  9.16e+06 1.63e-09  1.01e+09     4s
   3  -1.39766577e+12  1.33964771e+13  6.95e+05 1.86e-09  9.08e+07     4s
   4  -9.12897039e+11  8.33506611e+12  4.54e+05 5.59e-09  5.86e+07     4s
   5  -7.06830783e+11  7.69270006e+12  3.51e+05 6.75e-09  4.84e+07     4s
   6  -3.23417097e+11  6.60208956e+12  1.61e+05 1.05e-08  2.97e+07     4s
   7  -1.05532230e+11  3.86311337e+12  5.27e+04 6.75e-09  1.38e+07     4s
   8  -4.84415102e+10  2.90709175e+12  2.44e+04 2.21e-08  9.13e+06     5s
   9  -1.97076795e+10  2.55525792e+12  1.01e+04 1.09e-08  7.07e+06     5s
  10  -1.24247337e+10  1.21219343e+12  6.52e+03 2.86e-08  3.44e+06     5s
  11  -3.40923172e+09  2.39583513e+11  2.06e+03 1.72e-08  7.15e+05     5s
  12  -1.45915602e+09  1.43189413e+11  1.10e+03 2.31e-08  4.09e+05     5s
  13  -8.69117129e+07  5.01285453e+10  4.29e+02 3.56e-08  1.41e+05     5s
  14   5.10234467e+08  2.09344445e+10  1.42e+02 1.47e-08  5.52e+04     6s
  15   6.74092281e+08  9.82101475e+09  6.56e+01 1.14e-08  2.47e+04     6s
  16   7.09278609e+08  9.04986324e+09  4.99e+01 1.13e-08  2.22e+04     6s
  17   7.38752524e+08  6.83907823e+09  3.70e+01 8.73e-09  1.63e+04     6s
  18   7.62105329e+08  4.25205308e+09  2.69e+01 7.31e-09  9.58e+03     6s
  19   7.81015403e+08  3.11961251e+09  2.04e+01 9.99e-09  6.51e+03     6s
  20   7.88080640e+08  2.44717950e+09  1.81e+01 8.40e-09  4.76e+03     7s
  21   7.97808551e+08  2.28820017e+09  1.53e+01 7.03e-09  4.23e+03     7s
  22   8.01270412e+08  1.81503071e+09  1.39e+01 6.88e-09  2.98e+03     7s
  23   8.13656952e+08  1.53252620e+09  9.95e+00 6.86e-09  2.08e+03     7s
  24   8.27639924e+08  1.25632856e+09  5.94e+00 4.77e-09  1.20e+03     7s
  25   8.46318846e+08  1.05421987e+09  9.95e-01 2.96e-09  5.25e+02     7s
  26   8.53370092e+08  1.00290610e+09  2.13e-01 3.11e-09  3.68e+02     8s
  27   8.54828810e+08  9.59836265e+08  1.72e-01 2.44e-09  2.58e+02     8s
  28   8.55299410e+08  9.47999778e+08  1.63e-01 2.50e-09  2.28e+02     8s
  29   8.55898462e+08  9.42660879e+08  1.51e-01 2.39e-09  2.13e+02     8s
  30   8.58182479e+08  9.32658155e+08  1.02e-01 2.55e-09  1.83e+02     8s
  31   8.59146932e+08  9.20237254e+08  7.57e-02 2.64e-09  1.50e+02     8s
  32   8.59910620e+08  9.13472806e+08  6.22e-02 2.42e-09  1.31e+02     9s
  33   8.60781447e+08  9.13131538e+08  5.72e-02 2.69e-09  1.28e+02     9s
  34   8.61922034e+08  9.09044016e+08  5.20e-02 2.78e-09  1.15e+02     9s
  35   8.62867354e+08  9.01995034e+08  4.86e-02 2.81e-09  9.59e+01     9s
  36   8.63920589e+08  8.97273381e+08  4.25e-02 2.87e-09  8.17e+01     9s
  37   8.64944320e+08  8.93465650e+08  3.01e-02 3.67e-09  6.99e+01    10s
  38   8.66963627e+08  8.90876341e+08  2.36e-02 3.36e-09  5.86e+01    10s
  39   8.67414960e+08  8.87153590e+08  2.20e-02 3.35e-09  4.83e+01    10s
  40   8.68352731e+08  8.82457686e+08  1.60e-02 3.64e-09  3.45e+01    10s
  41   8.69631275e+08  8.80104813e+08  1.18e-02 2.59e-09  2.56e+01    11s
  42   8.70463421e+08  8.79623700e+08  9.76e-03 2.63e-09  2.24e+01    11s
  43   8.71631481e+08  8.78977873e+08  7.00e-03 2.67e-09  1.80e+01    11s
  44   8.72171272e+08  8.77574908e+08  5.73e-03 3.03e-09  1.32e+01    11s
  45   8.72528816e+08  8.77342450e+08  4.87e-03 2.85e-09  1.18e+01    12s
  46   8.72558596e+08  8.76995614e+08  4.80e-03 2.62e-09  1.09e+01    12s
  47   8.72900321e+08  8.76441977e+08  3.71e-03 3.05e-09  8.67e+00    12s
  48   8.73240377e+08  8.76002821e+08  2.91e-03 3.34e-09  6.76e+00    12s
  49   8.73346729e+08  8.75788381e+08  2.68e-03 3.53e-09  5.97e+00    12s

Barrier performed 49 iterations in 12.28 seconds (7.42 work units)
Optimization interrupted



Root relaxation: interrupted, 0 iterations, 9.76 seconds (3.55 work units)

    Nodes    |    Current Node    |     Objective Bounds      |     Work
 Expl Unexpl |  Obj  Depth IntInf | Incumbent    BestBd   Gap | It/Node Time

     0     0          -    0               - 1.5123e+12      -     -   12s

Explored 1 nodes (0 simplex iterations) in 12.33 seconds (7.42 work units)
Thread count was 16 (of 16 available processors)

Solution count 0

Solve interrupted
Best objective -, best bound 1.512346266250e+12, gap -
IIS computation: initial model status unknown, solving to determine model status
Presolve removed 14074 rows and 31925 columns
Presolve time: 2.91s
Presolved: 11989 rows, 200504 columns, 778297 nonzeros
Variable types: 750 continuous, 199754 integer (199620 binary)
Deterministic concurrent LP optimizer: primal simplex, dual simplex, and barrier
Showing barrier log only...

Root barrier log...

Ordering time: 0.15s

Barrier statistics:
 AA' NZ     : 4.126e+05
 Factor NZ  : 8.120e+05 (roughly 100 MB of memory)
 Factor Ops : 1.947e+08 (less than 1 second per iteration)
 Threads    : 5

                  Objective                Residual
Iter       Primal          Dual         Primal    Dual     Compl     Time
   0  -0.00000000e+00  4.52908147e+06  1.28e+09 0.00e+00  7.88e+03     5s
   1  -0.00000000e+00  4.30786451e+06  1.21e+08 1.11e-16  7.61e+02     5s
   2  -0.00000000e+00  3.32287098e+06  1.48e+07 1.11e-16  9.87e+01     5s
   3  -0.00000000e+00  1.58831737e+06  1.36e+06 1.25e-16  1.19e+01     5s
   4  -0.00000000e+00  3.12404760e+05  5.62e+04 9.12e-17  1.04e+00     6s
   5  -0.00000000e+00  2.27039877e+05  2.49e+04 8.00e-17  6.78e-01     6s
   6  -0.00000000e+00  1.41033220e+05  1.94e+04 2.55e-16  4.36e-01     6s
   7  -0.00000000e+00  9.42962422e+04  1.40e+04 6.65e-16  2.93e-01     6s
   8  -0.00000000e+00  3.41138455e+04  3.80e+03 2.23e-15  9.84e-02     6s
   9  -0.00000000e+00  6.23107447e+03  1.27e+03 9.92e-16  1.89e-02     6s
  10  -0.00000000e+00  2.12577257e+03  6.21e+02 5.06e-16  6.52e-03     6s
  11  -0.00000000e+00  8.19051980e+02  1.97e+02 5.22e-16  2.36e-03     6s
  12  -0.00000000e+00  4.32323007e+02  6.99e+01 1.78e-16  1.18e-03     7s
  13  -0.00000000e+00  3.50375320e+02  3.31e+01 2.83e-16  9.25e-04     7s
  14  -0.00000000e+00  2.05490594e+02  2.22e+01 4.35e-16  5.51e-04     7s
  15  -0.00000000e+00  1.62747162e+02  1.44e+01 4.40e-16  4.31e-04     7s
  16  -0.00000000e+00  1.26557526e+02  1.39e+01 6.49e-12  3.40e-04     7s
  17  -0.00000000e+00  1.19370464e+02  1.34e+01 8.02e-11  3.21e-04     7s
  18  -0.00000000e+00  8.21504190e+01  1.17e+01 2.84e-09  2.26e-04     7s
  19  -0.00000000e+00  5.27068786e+01  5.13e+00 9.61e-09  1.40e-04     8s
  20  -0.00000000e+00  1.65207441e+01  8.71e-01 9.73e-09  4.18e-05     8s
  21  -0.00000000e+00  2.50343294e+00  5.58e-03 7.28e-09  6.21e-06     8s
  22  -0.00000000e+00  4.10952881e-03  1.16e-10 3.89e-11  1.02e-08     8s
  23  -0.00000000e+00  4.14442655e-08  7.85e-11 3.93e-16  1.03e-13     8s
  24  -0.00000000e+00  4.17963600e-13  3.09e-11 3.95e-21  1.04e-18     8s

Barrier solved model in 24 iterations and 8.22 seconds (6.71 work units)
Optimal objective -0.00000000e+00



Root relaxation: interrupted, 0 iterations, 5.31 seconds (2.77 work units)

    Nodes    |    Current Node    |     Objective Bounds      |     Work
 Expl Unexpl |  Obj  Depth IntInf | Incumbent    BestBd   Gap | It/Node Time

     0     0          -    0               -   -0.00000      -     -    8s
H    0     0                      -0.0000000   -0.00000  0.00%     -    8s

Explored 1 nodes (10820 simplex iterations) in 9.01 seconds (7.25 work units)
Thread count was 16 (of 16 available processors)

Solution count 1: -0 
No other solutions better than -0

Solve interrupted
Best objective -0.000000000000e+00, best bound -0.000000000000e+00, gap 0.0000%
IIS runtime: 9.04 seconds (7.25 work units)

Gurobi 10.0.0 (win64) logging started Mon Dec 12 20:32:56 2022

Set parameter LogFile to value "solution/1S_23V_90D/t_1S_23V_90D_a.log"
Gurobi Optimizer version 10.0.0 build v10.0.0rc2 (win64)

CPU model: Intel(R) Core(TM) i7-10700 CPU @ 2.90GHz, instruction set [SSE2|AVX|AVX2]
Thread count: 8 physical cores, 16 logical processors, using up to 16 threads

Optimize a model with 26063 rows, 232429 columns and 1022463 nonzeros
Model fingerprint: 0x64255e04
Variable types: 736 continuous, 231693 integer (231693 binary)
Coefficient statistics:
  Matrix range     [1e+00, 2e+05]
  Objective range  [4e+01, 2e+07]
  Bounds range     [1e+00, 1e+00]
  RHS range        [1e+00, 2e+06]
Presolve removed 13747 rows and 29596 columns
Presolve time: 2.25s
Presolved: 12316 rows, 202833 columns, 785346 nonzeros
Variable types: 750 continuous, 202083 integer (202038 binary)
Deterministic concurrent LP optimizer: primal simplex, dual simplex, and barrier
Showing barrier log only...

Root barrier log...

Ordering time: 0.11s

Barrier statistics:
 AA' NZ     : 4.173e+05
 Factor NZ  : 8.138e+05 (roughly 100 MB of memory)
 Factor Ops : 1.904e+08 (less than 1 second per iteration)
 Threads    : 5

                  Objective                Residual
Iter       Primal          Dual         Primal    Dual     Compl     Time
   0  -2.59863529e+15  7.14481417e+13  1.28e+09 3.98e+04  1.23e+11     4s
   1  -3.81879098e+14  6.84052169e+13  1.89e+08 2.33e+05  1.84e+10     4s
   2  -1.84242539e+13  5.43647189e+13  9.16e+06 1.63e-09  1.01e+09     4s
   3  -1.39766577e+12  1.33964771e+13  6.95e+05 1.86e-09  9.08e+07     4s
   4  -9.12897039e+11  8.33506611e+12  4.54e+05 5.59e-09  5.86e+07     4s
   5  -7.06830783e+11  7.69270006e+12  3.51e+05 6.75e-09  4.84e+07     5s
   6  -3.23417097e+11  6.60208956e+12  1.61e+05 1.05e-08  2.97e+07     5s
   7  -1.05532230e+11  3.86311337e+12  5.27e+04 6.75e-09  1.38e+07     5s
   8  -4.84415102e+10  2.90709175e+12  2.44e+04 2.21e-08  9.13e+06     5s
   9  -1.97076795e+10  2.55525792e+12  1.01e+04 1.09e-08  7.07e+06     5s
  10  -1.24247337e+10  1.21219343e+12  6.52e+03 2.86e-08  3.44e+06     5s
  11  -3.40923172e+09  2.39583513e+11  2.06e+03 1.72e-08  7.15e+05     5s
  12  -1.45915602e+09  1.43189413e+11  1.10e+03 2.31e-08  4.09e+05     6s
  13  -8.69117129e+07  5.01285453e+10  4.29e+02 3.56e-08  1.41e+05     6s
  14   5.10234467e+08  2.09344445e+10  1.42e+02 1.47e-08  5.52e+04     6s
  15   6.74092281e+08  9.82101475e+09  6.56e+01 1.14e-08  2.47e+04     6s
  16   7.09278609e+08  9.04986324e+09  4.99e+01 1.13e-08  2.22e+04     6s
  17   7.38752524e+08  6.83907823e+09  3.70e+01 8.73e-09  1.63e+04     6s
  18   7.62105329e+08  4.25205308e+09  2.69e+01 7.31e-09  9.58e+03     6s
  19   7.81015403e+08  3.11961251e+09  2.04e+01 9.99e-09  6.51e+03     7s
  20   7.88080640e+08  2.44717950e+09  1.81e+01 8.40e-09  4.76e+03     7s
  21   7.97808551e+08  2.28820017e+09  1.53e+01 7.03e-09  4.23e+03     7s
  22   8.01270412e+08  1.81503071e+09  1.39e+01 6.88e-09  2.98e+03     7s
  23   8.13656952e+08  1.53252620e+09  9.95e+00 6.86e-09  2.08e+03     7s
  24   8.27639924e+08  1.25632856e+09  5.94e+00 4.77e-09  1.20e+03     8s
  25   8.46318846e+08  1.05421987e+09  9.95e-01 2.96e-09  5.25e+02     8s
  26   8.53370092e+08  1.00290610e+09  2.13e-01 3.11e-09  3.68e+02     8s
  27   8.54828810e+08  9.59836265e+08  1.72e-01 2.44e-09  2.58e+02     8s
  28   8.55299410e+08  9.47999778e+08  1.63e-01 2.50e-09  2.28e+02     8s
  29   8.55898462e+08  9.42660879e+08  1.51e-01 2.39e-09  2.13e+02     8s
  30   8.58182479e+08  9.32658155e+08  1.02e-01 2.55e-09  1.83e+02     8s
  31   8.59146932e+08  9.20237254e+08  7.57e-02 2.64e-09  1.50e+02     9s
  32   8.59910620e+08  9.13472806e+08  6.22e-02 2.42e-09  1.31e+02     9s
  33   8.60781447e+08  9.13131538e+08  5.72e-02 2.69e-09  1.28e+02     9s
  34   8.61922034e+08  9.09044016e+08  5.20e-02 2.78e-09  1.15e+02     9s
  35   8.62867354e+08  9.01995034e+08  4.86e-02 2.81e-09  9.59e+01    10s
  36   8.63920589e+08  8.97273381e+08  4.25e-02 2.87e-09  8.17e+01    10s
  37   8.64944320e+08  8.93465650e+08  3.01e-02 3.67e-09  6.99e+01    10s
  38   8.66963627e+08  8.90876341e+08  2.36e-02 3.36e-09  5.86e+01    11s
  39   8.67414960e+08  8.87153590e+08  2.20e-02 3.35e-09  4.83e+01    11s
  40   8.68352731e+08  8.82457686e+08  1.60e-02 3.64e-09  3.45e+01    11s
  41   8.69631275e+08  8.80104813e+08  1.18e-02 2.59e-09  2.56e+01    12s
  42   8.70463421e+08  8.79623700e+08  9.76e-03 2.63e-09  2.24e+01    12s
  43   8.71631481e+08  8.78977873e+08  7.00e-03 2.67e-09  1.80e+01    12s
  44   8.72171272e+08  8.77574908e+08  5.73e-03 3.03e-09  1.32e+01    12s
  45   8.72528816e+08  8.77342450e+08  4.87e-03 2.85e-09  1.18e+01    12s
  46   8.72558596e+08  8.76995614e+08  4.80e-03 2.62e-09  1.09e+01    13s
  47   8.72900321e+08  8.76441977e+08  3.71e-03 3.05e-09  8.67e+00    13s
  48   8.73240377e+08  8.76002821e+08  2.91e-03 3.34e-09  6.76e+00    13s
  49   8.73346729e+08  8.75788381e+08  2.68e-03 3.53e-09  5.97e+00    14s
  50   8.73605597e+08  8.75481691e+08  2.14e-03 3.02e-09  4.59e+00    14s
  51   8.73965151e+08  8.75197776e+08  1.33e-03 2.99e-09  3.02e+00    14s
  52   8.74056979e+08  8.74953449e+08  1.12e-03 3.04e-09  2.19e+00    14s
  53   8.74293045e+08  8.74864698e+08  6.20e-04 2.41e-09  1.40e+00    15s
  54   8.74488756e+08  8.74755366e+08  2.20e-04 3.11e-09  6.52e-01    15s
  55   8.74530108e+08  8.74693469e+08  1.35e-04 2.76e-09  4.00e-01    15s
  56   8.74558646e+08  8.74679809e+08  7.95e-05 3.28e-09  2.96e-01    15s
  57   8.74574299e+08  8.74620405e+08  5.08e-05 5.00e-09  1.13e-01    15s
  58   8.74595211e+08  8.74612924e+08  1.30e-05 6.19e-09  4.33e-02    16s
  59   8.74601949e+08  8.74608280e+08  2.05e-06 4.94e-09  1.55e-02    16s
  60   8.74603330e+08  8.74603697e+08  5.94e-06 5.87e-09  9.00e-04    16s
  61   8.74603538e+08  8.74603543e+08  5.02e-08 6.29e-09  1.16e-05    16s
  62   8.74603540e+08  8.74603540e+08  3.51e-10 5.79e-09  1.03e-10    16s

Barrier solved model in 62 iterations and 16.23 seconds (8.11 work units)
Optimal objective 8.74603540e+08


Root crossover log...

    6403 DPushes remaining with DInf 0.0000000e+00                16s
       0 DPushes remaining with DInf 0.0000000e+00                17s

     475 PPushes remaining with PInf 0.0000000e+00                17s
       0 PPushes remaining with PInf 0.0000000e+00                17s

  Push phase complete: Pinf 0.0000000e+00, Dinf 6.4566715e-08     17s


Root simplex log...

Iteration    Objective       Primal Inf.    Dual Inf.      Time
    6859    8.7460354e+08   0.000000e+00   0.000000e+00     17s
Concurrent spin time: 0.01s

Solved with barrier
    6859    8.7460354e+08   0.000000e+00   0.000000e+00     17s

Root relaxation: objective 8.746035e+08, 6859 iterations, 13.84 seconds (4.33 work units)

    Nodes    |    Current Node    |     Objective Bounds      |     Work
 Expl Unexpl |  Obj  Depth IntInf | Incumbent    BestBd   Gap | It/Node Time

     0     0 8.7460e+08    0  175          - 8.7460e+08      -     -   17s
H    0     0                    8.690192e+08 8.7460e+08  0.64%     -   35s
H    0     0                    8.690537e+08 8.7460e+08  0.64%     -   47s
H    0     0                    8.700090e+08 8.7460e+08  0.53%     -   52s
     0     0 8.7455e+08    0  182 8.7001e+08 8.7455e+08  0.52%     -   57s
H    0     0                    8.720738e+08 8.7455e+08  0.28%     -   94s
     0     0 8.7451e+08    0  161 8.7207e+08 8.7451e+08  0.28%     -   98s
     0     0 8.7451e+08    0  161 8.7207e+08 8.7451e+08  0.28%     -   98s
     0     0 8.7451e+08    0  161 8.7207e+08 8.7451e+08  0.28%     -   99s
     0     0 8.7451e+08    0  168 8.7207e+08 8.7451e+08  0.28%     -  101s
     0     0 8.7451e+08    0  168 8.7207e+08 8.7451e+08  0.28%     -  103s
     0     0 8.7451e+08    0  204 8.7207e+08 8.7451e+08  0.28%     -  106s
     0     0 8.7451e+08    0  199 8.7207e+08 8.7451e+08  0.28%     -  110s
     0     0 8.7451e+08    0  199 8.7207e+08 8.7451e+08  0.28%     -  110s
     0     0 8.7451e+08    0  213 8.7207e+08 8.7451e+08  0.28%     -  113s
     0     0 8.7451e+08    0  212 8.7207e+08 8.7451e+08  0.28%     -  118s
     0     0 8.7451e+08    0  205 8.7207e+08 8.7451e+08  0.28%     -  121s
     0     0 8.7451e+08    0  207 8.7207e+08 8.7451e+08  0.28%     -  126s
     0     0 8.7451e+08    0  213 8.7207e+08 8.7451e+08  0.28%     -  129s
     0     0 8.7451e+08    0  216 8.7207e+08 8.7451e+08  0.28%     -  135s
     0     0 8.7451e+08    0  216 8.7207e+08 8.7451e+08  0.28%     -  135s
     0     0 8.7450e+08    0  214 8.7207e+08 8.7450e+08  0.28%     -  140s
     0     0 8.7450e+08    0  214 8.7207e+08 8.7450e+08  0.28%     -  142s
     0     0 8.7450e+08    0  219 8.7207e+08 8.7450e+08  0.28%     -  147s
     0     0 8.7450e+08    0  209 8.7207e+08 8.7450e+08  0.28%     -  150s
     0     0 8.7450e+08    0  210 8.7207e+08 8.7450e+08  0.28%     -  150s
     0     0 8.7450e+08    0  210 8.7207e+08 8.7450e+08  0.28%     -  154s
     0     0 8.7449e+08    0  198 8.7207e+08 8.7449e+08  0.28%     -  157s
     0     0 8.7449e+08    0  198 8.7207e+08 8.7449e+08  0.28%     -  157s
     0     0 8.7449e+08    0  203 8.7207e+08 8.7449e+08  0.28%     -  161s
     0     0 8.7449e+08    0  207 8.7207e+08 8.7449e+08  0.28%     -  163s
     0     0 8.7449e+08    0  207 8.7207e+08 8.7449e+08  0.28%     -  165s
     0     0 8.7449e+08    0  205 8.7207e+08 8.7449e+08  0.28%     -  167s
     0     0 8.7449e+08    0  204 8.7207e+08 8.7449e+08  0.28%     -  170s
     0     0 8.7449e+08    0  195 8.7207e+08 8.7449e+08  0.28%     -  171s
     0     2 8.7443e+08    0  190 8.7207e+08 8.7443e+08  0.27%     -  190s
     3     8 8.7443e+08    2  192 8.7207e+08 8.7443e+08  0.27%   345  197s
     7    16 8.7443e+08    3  197 8.7207e+08 8.7443e+08  0.27%   251  210s
    15    24 8.7443e+08    4  218 8.7207e+08 8.7443e+08  0.27%   322  222s
    23    32 8.7443e+08    4  206 8.7207e+08 8.7443e+08  0.27%   339  234s
    31    40 8.7443e+08    5  218 8.7207e+08 8.7443e+08  0.27%   336  241s
    39    48 8.7443e+08    6  218 8.7207e+08 8.7443e+08  0.27%   287  249s
    47    56 8.7443e+08    7  213 8.7207e+08 8.7443e+08  0.27%   285  256s
    55    64 8.7443e+08    8  204 8.7207e+08 8.7443e+08  0.27%   273  262s
    63    82 8.7443e+08    9  203 8.7207e+08 8.7443e+08  0.27%   257  277s
    81   125 8.7443e+08   11  200 8.7207e+08 8.7443e+08  0.27%   226  311s
H  124   188                    8.720738e+08 8.7443e+08  0.27%   178  364s
H  128   188                    8.722918e+08 8.7443e+08  0.24%   181  364s
H  145   188                    8.726281e+08 8.7443e+08  0.21%   167  364s
   187   395 8.7435e+08   16  174 8.7263e+08 8.7443e+08  0.21%   162  479s
H  397   403                    8.726924e+08 8.7443e+08  0.20%   123  556s
H  400   403                    8.727146e+08 8.7443e+08  0.20%   122  556s
H  401   403                    8.731842e+08 8.7443e+08  0.14%   122  556s
   405   724 8.7410e+08   26  162 8.7318e+08 8.7443e+08  0.14%   121  664s
H  774  1147                    8.731957e+08 8.7443e+08  0.14%  89.9  778s
H 1048  1146                    8.731958e+08 8.7443e+08  0.14%  76.5  778s
  1247  2005 8.7392e+08  162   68 8.7320e+08 8.7443e+08  0.14%  70.4  906s
  2112  2890 8.7389e+08  273   57 8.7320e+08 8.7443e+08  0.14%  54.7  993s
  2999  3795 8.7384e+08  397   54 8.7320e+08 8.7443e+08  0.14%  44.2 1069s
  3953  4611 8.7364e+08  533   45 8.7320e+08 8.7443e+08  0.14%  36.0 1133s
  4890  5379 8.7354e+08  674   25 8.7320e+08 8.7443e+08  0.14%  31.0 1189s
  5459  5379 8.7384e+08  554   28 8.7320e+08 8.7443e+08  0.14%  28.5 1190s
  5871  6070 8.7345e+08  817   16 8.7320e+08 8.7443e+08  0.14%  27.0 1247s
  6741  6654 8.7439e+08   21  102 8.7320e+08 8.7443e+08  0.14%  24.8 1313s
  7415  6655 8.7345e+08  891  195 8.7320e+08 8.7443e+08  0.14%  24.7 1413s
H 7416  6323                    8.732175e+08 8.7443e+08  0.14%  24.7 1448s
  7418  6324 8.7360e+08  578  196 8.7322e+08 8.7443e+08  0.14%  24.7 1492s
H 7418  6007                    8.732299e+08 8.7443e+08  0.14%  24.7 1514s
  7419  6008 8.7357e+08  548  218 8.7323e+08 8.7443e+08  0.14%  24.7 1521s
  7421  6009 8.7408e+08  110  200 8.7323e+08 8.7443e+08  0.14%  24.7 1525s
  7425  6012 8.7401e+08  328  207 8.7323e+08 8.7443e+08  0.14%  24.7 1533s
  7426  6012 8.7400e+08  181  197 8.7323e+08 8.7443e+08  0.14%  24.7 1543s
  7427  6013 8.7398e+08  158  196 8.7323e+08 8.7443e+08  0.14%  24.7 1545s
  7428  6014 8.7437e+08   97  201 8.7323e+08 8.7443e+08  0.14%  24.7 1552s
  7429  6014 8.7365e+08  457  223 8.7323e+08 8.7443e+08  0.14%  24.7 1562s
  7432  6016 8.7437e+08   49  218 8.7323e+08 8.7442e+08  0.14%  24.6 1568s
  7433  6017 8.7350e+08  521  214 8.7323e+08 8.7442e+08  0.14%  24.6 1575s
  7435  6018 8.7433e+08  125  209 8.7323e+08 8.7442e+08  0.14%  24.6 1592s
  7436  6019 8.7396e+08  437  214 8.7323e+08 8.7442e+08  0.14%  24.6 1599s
  7437  6020 8.7323e+08  598  209 8.7323e+08 8.7442e+08  0.14%  24.6 1607s
  7438  6020 8.7386e+08  364  209 8.7323e+08 8.7442e+08  0.14%  24.6 1616s
  7439  6021 8.7409e+08  521  209 8.7323e+08 8.7437e+08  0.13%  24.6 1668s
  7440  6025 8.7437e+08   10  193 8.7323e+08 8.7437e+08  0.13%  27.2 1675s
  7442  6028 8.7437e+08   11  216 8.7323e+08 8.7437e+08  0.13%  27.3 1682s
  7446  6035 8.7437e+08   12  218 8.7323e+08 8.7437e+08  0.13%  27.3 1693s
  7454  6040 8.7437e+08   13  205 8.7323e+08 8.7437e+08  0.13%  27.6 1701s
  7462  6045 8.7437e+08   13  209 8.7323e+08 8.7437e+08  0.13%  27.7 1710s
  7470  6051 8.7437e+08   14  213 8.7323e+08 8.7437e+08  0.13%  28.0 1718s
  7478  6056 8.7436e+08   14  202 8.7323e+08 8.7437e+08  0.13%  28.2 1727s
  7486  6061 8.7437e+08   15  220 8.7323e+08 8.7437e+08  0.13%  28.4 1735s
  7494  6067 8.7433e+08   15  147 8.7323e+08 8.7437e+08  0.13%  28.7 1743s
  7502  6072 8.7435e+08   16  220 8.7323e+08 8.7437e+08  0.13%  28.9 1751s
  7510  6077 8.7437e+08   16  205 8.7323e+08 8.7437e+08  0.13%  29.1 1757s
  7518  6107 8.7437e+08   17  211 8.7323e+08 8.7437e+08  0.13%  29.3 1783s
  7550  6166 8.7432e+08   18  154 8.7323e+08 8.7437e+08  0.13%  29.8 1834s
  7620  6277 8.7430e+08   22  128 8.7323e+08 8.7437e+08  0.13%  30.7 1933s
H 7778  5931                    8.734298e+08 8.7437e+08  0.11%  32.0 1996s
  7786  6279 8.7422e+08   30   81 8.7343e+08 8.7437e+08  0.11%  32.1 2122s
H 7891  5958                    8.734298e+08 8.7437e+08  0.11%  33.3 2122s
  8137  6538 8.7418e+08   48   78 8.7343e+08 8.7437e+08  0.11%  34.0 2268s
  8828  6898 8.7412e+08   91   51 8.7343e+08 8.7437e+08  0.11%  35.8 2370s
  9571  7208 8.7409e+08  134   61 8.7343e+08 8.7437e+08  0.11%  36.2 2447s
 10267  7490 8.7407e+08  159   79 8.7343e+08 8.7437e+08  0.11%  36.8 2520s
 10878  7672 8.7406e+08  181   63 8.7343e+08 8.7437e+08  0.11%  37.4 2597s
 11370  8061 8.7405e+08  201   68 8.7343e+08 8.7437e+08  0.11%  38.9 2690s
 11937  8488 8.7398e+08  231   37 8.7343e+08 8.7437e+08  0.11%  40.7 2776s
 12553  9199 8.7401e+08  267   73 8.7343e+08 8.7437e+08  0.11%  41.6 2882s
 13473  9416 8.7397e+08  310   67 8.7343e+08 8.7437e+08  0.11%  42.5 2971s
 14036 10056 8.7392e+08  356   42 8.7343e+08 8.7437e+08  0.11%  42.7 3066s
 14982  9742 8.7412e+08  183  195 8.7343e+08 8.7437e+08  0.11%  43.5 3169s
 14984  9743 8.7350e+08  407  170 8.7343e+08 8.7437e+08  0.11%  43.5 3188s
H14984  9255                    8.734408e+08 8.7437e+08  0.11%  43.5 3196s
 14985  9256 8.7398e+08  524  206 8.7344e+08 8.7437e+08  0.11%  43.5 3220s
 14988  9258 8.7422e+08  220  221 8.7344e+08 8.7437e+08  0.11%  43.5 3226s
 14990  9259 8.7370e+08  330  225 8.7344e+08 8.7437e+08  0.11%  43.5 3233s
 14991  9260 8.7395e+08  248  211 8.7344e+08 8.7437e+08  0.11%  43.5 3249s
 14992  9261 8.7364e+08  522  228 8.7344e+08 8.7437e+08  0.11%  43.5 3256s
 14993  9261 8.7368e+08  634  221 8.7344e+08 8.7437e+08  0.11%  43.5 3266s
 14995  9263 8.7386e+08  197  223 8.7344e+08 8.7437e+08  0.11%  43.5 3282s
 14996  9263 8.7417e+08  162  223 8.7344e+08 8.7437e+08  0.11%  43.5 3286s
 14997  9264 8.7420e+08   95  222 8.7344e+08 8.7437e+08  0.11%  43.5 3298s
 14998  9265 8.7392e+08   50  212 8.7344e+08 8.7437e+08  0.11%  43.5 3301s
 14999  9265 8.7437e+08   19  211 8.7344e+08 8.7437e+08  0.11%  43.5 3305s
 15000  9266 8.7374e+08  441  209 8.7344e+08 8.7437e+08  0.11%  43.5 3311s
 15001  9267 8.7421e+08  112  209 8.7344e+08 8.7437e+08  0.11%  43.5 3352s
H15001  8806                    8.734408e+08 8.7437e+08  0.11%  44.6 3355s
 15004  8811 8.7437e+08   25  190 8.7344e+08 8.7437e+08  0.11%  44.7 3365s
 15008  8817 8.7437e+08   26  234 8.7344e+08 8.7437e+08  0.11%  44.8 3378s
 15016  8823 8.7437e+08   27  234 8.7344e+08 8.7437e+08  0.11%  45.0 3386s
 15024  8828 8.7436e+08   27  223 8.7344e+08 8.7437e+08  0.11%  45.1 3394s
 15032  8833 8.7437e+08   28  249 8.7344e+08 8.7437e+08  0.11%  45.2 3402s
 15040  8839 8.7436e+08   28  197 8.7344e+08 8.7437e+08  0.11%  45.4 3410s
 15048  8844 8.7437e+08   29  247 8.7344e+08 8.7437e+08  0.11%  45.4 3417s
 15056  8851 8.7437e+08   29  225 8.7344e+08 8.7437e+08  0.11%  45.5 3424s
 15066  8857 8.7437e+08   30  242 8.7344e+08 8.7437e+08  0.11%  45.5 3429s
 15075  8873 8.7433e+08   30  194 8.7344e+08 8.7437e+08  0.11%  45.7 3444s
 15094  8911 8.7437e+08   31  238 8.7344e+08 8.7437e+08  0.11%  45.8 3473s
 15139  8972 8.7437e+08   33  219 8.7344e+08 8.7437e+08  0.11%  46.1 3522s
 15221  9072 8.7432e+08   35  183 8.7344e+08 8.7437e+08  0.11%  46.5 3609s
 15384  9241 8.7430e+08   42  172 8.7344e+08 8.7437e+08  0.11%  47.1 3739s
H15517  8756                    8.734554e+08 8.7437e+08  0.11%  47.6 3739s
H15637  8314                    8.734576e+08 8.7437e+08  0.10%  47.7 3808s
H15647  7910                    8.734925e+08 8.7437e+08  0.10%  47.8 3808s
 15653  8497 8.7428e+08   51  113 8.7349e+08 8.7437e+08  0.10%  47.8 3996s
 16330  9283 8.7404e+08   67  104 8.7349e+08 8.7437e+08  0.10%  48.5 4126s
 17408 10005 8.7427e+08   86  105 8.7349e+08 8.7437e+08  0.10%  48.1 4227s
 18573 10466 8.7437e+08   28  200 8.7349e+08 8.7437e+08  0.10%  47.7 4326s
 19472 11044 8.7431e+08   71   59 8.7349e+08 8.7437e+08  0.10%  47.4 4411s
 20481 11663 8.7427e+08  149   82 8.7349e+08 8.7437e+08  0.10%  47.1 4503s
 21635 12359 8.7425e+08  207   53 8.7349e+08 8.7437e+08  0.10%  46.9 4587s
 22843 12772 8.7419e+08  334   56 8.7349e+08 8.7437e+08  0.10%  46.4 4667s
 23673 13413 8.7418e+08  387   47 8.7349e+08 8.7437e+08  0.10%  46.2 4748s
 24805 13828 8.7410e+08  551   32 8.7349e+08 8.7437e+08  0.10%  45.4 4828s
 25747 14277 8.7384e+08  650   39 8.7349e+08 8.7437e+08  0.10%  45.0 4923s
 26543 14877 8.7427e+08   72   87 8.7349e+08 8.7437e+08  0.10%  45.0 5017s
 27465 15544 8.7412e+08  143   61 8.7349e+08 8.7437e+08  0.10%  44.3 5146s
 28467 16171 8.7433e+08   42  149 8.7349e+08 8.7437e+08  0.10%  43.4 5244s
 29627 16206 8.7427e+08  172   71 8.7349e+08 8.7437e+08  0.10%  42.7 5317s
 30098 17104 8.7427e+08  174   87 8.7349e+08 8.7437e+08  0.10%  42.2 5411s
 31506 17433 8.7423e+08  350   54 8.7349e+08 8.7437e+08  0.10%  41.5 5506s
 32650 17994 8.7422e+08  526   53 8.7349e+08 8.7437e+08  0.10%  41.3 5587s
 33723 18744 8.7421e+08  702   59 8.7349e+08 8.7437e+08  0.10%  41.2 5661s
 35017 19536 8.7419e+08  878   46 8.7349e+08 8.7437e+08  0.10%  40.7 5734s
 36262 20254 8.7431e+08  101  110 8.7349e+08 8.7437e+08  0.10%  40.3 5809s
 37429 21110 8.7425e+08  229   92 8.7349e+08 8.7437e+08  0.10%  39.8 5882s
 38688 22236 8.7419e+08  405   63 8.7349e+08 8.7437e+08  0.10%  39.2 5941s
 39918 23176 8.7398e+08  581   56 8.7349e+08 8.7437e+08  0.10%  38.6 6001s
 41118 23989 8.7391e+08  757   47 8.7349e+08 8.7437e+08  0.10%  38.5 6062s
 42143 24830 8.7429e+08   53   78 8.7349e+08 8.7437e+08  0.10%  38.7 6133s
 43044 25325 8.7424e+08  163   79 8.7349e+08 8.7437e+08  0.10%  38.7 6199s
 43555 26611 8.7420e+08  198   67 8.7349e+08 8.7437e+08  0.10%  38.9 6280s
 44854 26612 8.7428e+08   46  195 8.7349e+08 8.7437e+08  0.10%  38.3 7258s
 44856 26613 8.7372e+08  571  166 8.7349e+08 8.7437e+08  0.10%  38.3 7282s
 44857 26614 8.7401e+08  582  213 8.7349e+08 8.7437e+08  0.10%  38.3 7314s
 44858 26615 8.7385e+08  484  205 8.7349e+08 8.7437e+08  0.10%  38.3 7333s
 44859 26615 8.7428e+08  120  237 8.7349e+08 8.7437e+08  0.10%  38.3 7336s
 44862 26617 8.7403e+08  624  238 8.7349e+08 8.7437e+08  0.10%  38.3 7340s
 44864 26619 8.7416e+08  234  227 8.7349e+08 8.7437e+08  0.10%  38.3 7348s
 44865 26619 8.7375e+08  150  225 8.7349e+08 8.7437e+08  0.10%  38.3 7360s
 44869 26622 8.7355e+08  191  239 8.7349e+08 8.7437e+08  0.10%  38.3 7365s
 44870 26623 8.7392e+08  332  240 8.7349e+08 8.7437e+08  0.10%  38.3 7370s
 44871 26623 8.7391e+08  122  241 8.7349e+08 8.7437e+08  0.10%  38.3 7380s
 44873 26625 8.7362e+08  156  224 8.7349e+08 8.7437e+08  0.10%  38.3 7386s
 44874 26625 8.7417e+08  377  220 8.7349e+08 8.7437e+08  0.10%  38.3 7396s
 44876 26627 8.7426e+08  173  221 8.7349e+08 8.7437e+08  0.10%  38.3 7407s
 44877 26627 8.7423e+08  150  240 8.7349e+08 8.7437e+08  0.10%  38.3 7410s
 44878 26628 8.7427e+08   87  230 8.7349e+08 8.7437e+08  0.10%  38.3 7427s
 44879 26629 8.7425e+08  170  229 8.7349e+08 8.7437e+08  0.10%  38.3 7430s
 44881 26630 8.7426e+08  178  235 8.7349e+08 8.7437e+08  0.10%  38.3 7441s
 44882 26631 8.7412e+08  584  235 8.7349e+08 8.7437e+08  0.10%  38.3 7469s
 44883 26634 8.7437e+08   38  230 8.7349e+08 8.7437e+08  0.10%  38.8 7503s
 44885 26638 8.7437e+08   39  217 8.7349e+08 8.7437e+08  0.10%  38.8 7510s
 44889 26644 8.7436e+08   40  205 8.7349e+08 8.7437e+08  0.10%  38.8 7522s
 44897 26650 8.7435e+08   41  230 8.7349e+08 8.7437e+08  0.10%  38.9 7532s
 44905 26655 8.7433e+08   41  244 8.7349e+08 8.7437e+08  0.10%  38.9 7540s
 44913 26660 8.7435e+08   42  228 8.7349e+08 8.7437e+08  0.10%  38.9 7552s
 44921 26666 8.7431e+08   42  209 8.7349e+08 8.7437e+08  0.10%  39.0 7560s
 44929 26671 8.7434e+08   43  225 8.7349e+08 8.7437e+08  0.10%  39.0 7567s
 44937 26676 8.7429e+08   43  199 8.7349e+08 8.7437e+08  0.10%  39.0 7578s
 44945 26682 8.7434e+08   44  204 8.7349e+08 8.7437e+08  0.10%  39.1 7620s
 44953 26707 8.7431e+08   44  211 8.7349e+08 8.7437e+08  0.10%  39.1 7647s
 44981 26774 8.7433e+08   46  232 8.7349e+08 8.7437e+08  0.10%  39.3 7707s
 45057 26876 8.7429e+08   50  208 8.7349e+08 8.7437e+08  0.10%  39.5 7822s
 45206 27020 8.7419e+08   61  152 8.7349e+08 8.7437e+08  0.10%  39.9 7984s
 45434 27256 8.7418e+08   70  125 8.7349e+08 8.7437e+08  0.10%  40.3 8179s
 45747 27575 8.7417e+08   83   86 8.7349e+08 8.7437e+08  0.10%  40.6 8385s
 46249 27805 8.7413e+08  133   84 8.7349e+08 8.7437e+08  0.10%  40.9 8603s
 46670 28438 8.7416e+08  149   91 8.7349e+08 8.7437e+08  0.10%  41.6 8827s
 47472 28986 8.7415e+08  184   54 8.7349e+08 8.7437e+08  0.10%  42.0 8999s
 48482 29655 8.7413e+08  218   84 8.7349e+08 8.7437e+08  0.10%  42.2 9137s
 49585 30380 8.7411e+08  268   81 8.7349e+08 8.7437e+08  0.10%  42.4 9266s
 50758 30906 8.7409e+08  332   58 8.7349e+08 8.7437e+08  0.10%  42.7 9393s
 51739 31587 8.7393e+08  383   59 8.7349e+08 8.7437e+08  0.10%  43.3 9518s
 52808 32444 8.7409e+08  431   79 8.7349e+08 8.7437e+08  0.10%  43.8 9641s
 54114 32997 8.7408e+08  485   64 8.7349e+08 8.7437e+08  0.10%  44.3 9739s
 55234 33679 8.7408e+08  532   80 8.7349e+08 8.7437e+08  0.10%  44.5 9864s
 56342 33425 8.7408e+08  582   57 8.7349e+08 8.7437e+08  0.10%  45.2 10016s
 56471 34536 8.7373e+08  591   54 8.7349e+08 8.7437e+08  0.10%  45.4 10104s
 57781 35236 8.7407e+08  653   69 8.7349e+08 8.7437e+08  0.10%  45.6 10208s
 59059 36047 8.7407e+08  721   60 8.7349e+08 8.7437e+08  0.10%  46.0 10315s

Cutting planes:
  Cover: 5
  Implied bound: 2
  MIR: 54
  StrongCG: 1
  Flow cover: 69
  GUB cover: 5

Explored 60395 nodes (2813466 simplex iterations) in 10801.20 seconds (6811.12 work units)
Thread count was 16 (of 16 available processors)

Solution count 10: 8.73492e+08 8.73458e+08 8.73455e+08 ... 8.73196e+08

Time limit reached
Best objective 8.734924855227e+08, best bound 8.743659089872e+08, gap 0.1000%
