
Gurobi 10.0.0 (win64) logging started Tue Dec 13 12:02:30 2022

Set parameter LogFile to value "solution/1S_23V_90D/t_1S_23V_90D_d.log"
Gurobi Optimizer version 10.0.0 build v10.0.0rc2 (win64)

CPU model: Intel(R) Core(TM) i7-10700 CPU @ 2.90GHz, instruction set [SSE2|AVX|AVX2]
Thread count: 8 physical cores, 16 logical processors, using up to 16 threads

Optimize a model with 32833 rows, 290199 columns and 1276684 nonzeros
Model fingerprint: 0x8b25a2e6
Variable types: 736 continuous, 289463 integer (289463 binary)
Coefficient statistics:
  Matrix range     [1e+00, 2e+05]
  Objective range  [4e+01, 2e+07]
  Bounds range     [1e+00, 1e+00]
  RHS range        [1e+00, 2e+06]
Presolve removed 17429 rows and 33000 columns
Presolve time: 2.75s
Presolved: 15404 rows, 257199 columns, 996302 nonzeros
Variable types: 750 continuous, 256449 integer (256393 binary)
Deterministic concurrent LP optimizer: primal simplex, dual simplex, and barrier
Showing barrier log only...

Root barrier log...

Ordering time: 0.13s

Barrier statistics:
 AA' NZ     : 5.299e+05
 Factor NZ  : 9.049e+05 (roughly 120 MB of memory)
 Factor Ops : 1.419e+08 (less than 1 second per iteration)
 Threads    : 5

                  Objective                Residual
Iter       Primal          Dual         Primal    Dual     Compl     Time
   0  -3.30071229e+15  8.49781783e+13  1.61e+09 3.98e+04  1.23e+11     5s
   1  -4.80723304e+14  8.25497894e+13  2.37e+08 2.23e+05  1.82e+10     5s
   2  -2.45727538e+13  6.78723483e+13  1.21e+07 1.63e-09  1.05e+09     5s
   3  -1.75782163e+12  1.79464536e+13  8.68e+05 1.86e-09  9.21e+07     5s
   4  -1.04348633e+12  1.15828729e+13  5.15e+05 5.36e-09  5.67e+07     6s
   5  -4.86422665e+11  1.07604473e+13  2.40e+05 5.59e-09  3.67e+07     6s
   6  -2.37825960e+11  6.31623058e+12  1.18e+05 4.42e-09  2.00e+07     6s
   7  -1.04334190e+11  4.73473604e+12  5.18e+04 3.49e-09  1.26e+07     6s
   8  -5.30065043e+10  3.40359004e+12  2.65e+04 2.26e-08  8.31e+06     6s
   9  -1.91307014e+10  2.86791188e+12  9.78e+03 2.07e-08  6.16e+06     6s
  10  -9.91355644e+09  1.38409548e+12  5.25e+03 2.28e-08  2.97e+06     7s
  11  -1.98735174e+09  5.12648253e+11  1.35e+03 1.16e-08  1.06e+06     7s
  12   1.84996576e+08  1.98063259e+11  2.83e+02 7.33e-09  3.92e+05     7s
  13   5.64948503e+08  1.33377861e+11  1.04e+02 6.05e-09  2.60e+05     7s
  14   6.23671713e+08  6.73613042e+10  7.69e+01 7.93e-09  1.32e+05     7s
  15   7.00874256e+08  4.21453605e+10  4.33e+01 3.16e-08  8.21e+04     7s
  16   7.47251041e+08  3.85878043e+10  2.36e+01 4.51e-08  7.42e+04     8s
  17   7.63517789e+08  2.21462154e+10  1.68e+01 2.42e-08  4.23e+04     8s
  18   7.68555485e+08  1.93745902e+10  1.49e+01 2.19e-08  3.68e+04     8s
  19   7.94497590e+08  1.17387958e+10  7.18e+00 2.04e-08  2.16e+04     8s
  20   8.12054910e+08  7.87289990e+09  2.29e+00 2.12e-08  1.37e+04     8s
  21   8.25950115e+08  3.03809310e+09  9.11e-01 8.69e-09  4.30e+03     9s
  22   8.31277612e+08  2.36982951e+09  6.70e-01 9.87e-09  2.98e+03     9s
  23   8.35244339e+08  2.34062225e+09  5.49e-01 7.61e-09  2.92e+03     9s
  24   8.39295198e+08  2.27755353e+09  4.59e-01 7.41e-09  2.78e+03     9s
  25   8.39925839e+08  2.19442144e+09  4.32e-01 8.34e-09  2.62e+03     9s
  26   8.41435410e+08  1.97287449e+09  4.03e-01 7.10e-09  2.19e+03     9s
  27   8.47767111e+08  1.70292938e+09  1.98e-01 6.23e-09  1.65e+03    10s
  28   8.52453050e+08  1.59568031e+09  6.94e-02 5.60e-09  1.43e+03    10s
  29   8.53858975e+08  1.20517700e+09  4.41e-02 5.16e-09  6.77e+02    10s
  30   8.54367970e+08  1.19969319e+09  4.17e-02 6.85e-09  6.66e+02    10s
  31   8.55382766e+08  1.18265921e+09  3.62e-02 6.69e-09  6.31e+02    10s
  32   8.57253138e+08  1.14716964e+09  3.09e-02 6.63e-09  5.59e+02    11s
  33   8.57336108e+08  1.11589700e+09  2.81e-02 5.83e-09  4.98e+02    11s
  34   8.60101508e+08  1.07724589e+09  2.09e-02 5.18e-09  4.19e+02    11s
  35   8.61562634e+08  1.02139336e+09  1.48e-02 5.76e-09  3.08e+02    12s
  36   8.63078740e+08  1.01361718e+09  1.16e-02 6.46e-09  2.90e+02    12s
  37   8.64493855e+08  9.77007965e+08  1.01e-02 5.28e-09  2.17e+02    12s
  38   8.65328796e+08  9.51794654e+08  9.30e-03 6.31e-09  1.67e+02    12s
  39   8.65241746e+08  9.34159853e+08  8.47e-03 6.38e-09  1.33e+02    13s
  40   8.68479110e+08  9.23414091e+08  5.20e-03 5.12e-09  1.06e+02    13s
  41   8.69546924e+08  9.15320485e+08  4.55e-03 5.31e-09  8.82e+01    13s
  42   8.70263359e+08  9.10463659e+08  4.23e-03 5.84e-09  7.75e+01    14s
  43   8.70892757e+08  9.03613913e+08  3.86e-03 6.36e-09  6.31e+01    14s
  44   8.71530200e+08  8.99024637e+08  3.46e-03 6.21e-09  5.30e+01    14s
  45   8.72019254e+08  8.95648706e+08  3.17e-03 7.09e-09  4.55e+01    15s
  46   8.72251537e+08  8.95203320e+08  3.04e-03 6.72e-09  4.42e+01    15s
  47   8.72870406e+08  8.92783161e+08  2.70e-03 6.48e-09  3.84e+01    15s
  48   8.73448335e+08  8.92185073e+08  2.45e-03 6.88e-09  3.61e+01    15s
  49   8.73952409e+08  8.89607453e+08  2.22e-03 6.99e-09  3.02e+01    16s
  50   8.74427629e+08  8.88785465e+08  2.01e-03 6.78e-09  2.77e+01    16s
  51   8.75106672e+08  8.87785491e+08  1.72e-03 6.33e-09  2.44e+01    16s
  52   8.75659913e+08  8.86948064e+08  1.47e-03 8.54e-09  2.18e+01    17s
  53   8.76523302e+08  8.85311198e+08  1.16e-03 6.30e-09  1.69e+01    17s
  54   8.77498226e+08  8.84142290e+08  8.03e-04 6.40e-09  1.28e+01    17s
  55   8.77720932e+08  8.83655567e+08  7.12e-04 6.55e-09  1.14e+01    18s
  56   8.78120711e+08  8.83108445e+08  5.72e-04 5.55e-09  9.61e+00    18s
  57   8.78559944e+08  8.81768381e+08  4.21e-04 7.50e-09  6.18e+00    18s
  58   8.78769681e+08  8.81427325e+08  3.52e-04 5.15e-09  5.12e+00    19s
  59   8.79067495e+08  8.81099383e+08  2.51e-04 4.71e-09  3.92e+00    19s
  60   8.79196249e+08  8.81001832e+08  2.09e-04 5.37e-09  3.48e+00    19s
  61   8.79403477e+08  8.80778027e+08  1.43e-04 5.05e-09  2.65e+00    20s
  62   8.79566607e+08  8.80613426e+08  8.99e-05 5.27e-09  2.02e+00    20s
  63   8.79678318e+08  8.80417158e+08  5.46e-05 4.88e-09  1.42e+00    20s
  64   8.79775861e+08  8.80173582e+08  2.48e-05 5.58e-09  7.66e-01    21s
  65   8.79781394e+08  8.80098965e+08  2.33e-05 4.67e-09  6.12e-01    21s
  66   8.79792833e+08  8.80088449e+08  2.03e-05 5.74e-09  5.70e-01    21s
  67   8.79805395e+08  8.80045509e+08  1.68e-05 4.16e-09  4.63e-01    21s
  68   8.79843912e+08  8.79971373e+08  6.22e-06 5.11e-09  2.46e-01    22s
  69   8.79865105e+08  8.79917517e+08  8.77e-07 5.15e-09  1.01e-01    22s
  70   8.79870370e+08  8.79876735e+08  4.16e-07 6.40e-09  1.23e-02    22s
  71   8.79870790e+08  8.79872011e+08  4.14e-07 6.30e-09  2.35e-03    22s
  72   8.79871010e+08  8.79871059e+08  7.79e-07 5.91e-09  9.49e-05    22s
  73   8.79871027e+08  8.79871027e+08  6.55e-11 6.96e-09  1.23e-09    23s

Barrier solved model in 73 iterations and 22.54 seconds (10.86 work units)
Optimal objective 8.79871027e+08


Root crossover log...

    7988 DPushes remaining with DInf 0.0000000e+00                23s
       0 DPushes remaining with DInf 0.0000000e+00                23s

     585 PPushes remaining with PInf 0.0000000e+00                23s
       0 PPushes remaining with PInf 0.0000000e+00                23s

  Push phase complete: Pinf 0.0000000e+00, Dinf 7.4368138e-08     23s


Root simplex log...

Iteration    Objective       Primal Inf.    Dual Inf.      Time
    8534    8.7987103e+08   0.000000e+00   0.000000e+00     23s
Concurrent spin time: 0.02s

Solved with barrier
    8534    8.7987103e+08   0.000000e+00   0.000000e+00     23s

Root relaxation: objective 8.798710e+08, 8534 iterations, 19.76 seconds (6.07 work units)

    Nodes    |    Current Node    |     Objective Bounds      |     Work
 Expl Unexpl |  Obj  Depth IntInf | Incumbent    BestBd   Gap | It/Node Time

     0     0 8.7987e+08    0  216          - 8.7987e+08      -     -   24s
H    0     0                    8.754024e+08 8.7987e+08  0.51%     -   36s
H    0     0                    8.754351e+08 8.7987e+08  0.51%     -   37s
     0     0 8.7986e+08    0  223 8.7544e+08 8.7986e+08  0.50%     -   40s
H    0     0                    8.755801e+08 8.7986e+08  0.49%     -   60s

Cutting planes:
  Cover: 1
  Implied bound: 7
  MIR: 4
  StrongCG: 2
  Flow cover: 11
  GUB cover: 1
  RLT: 3

Explored 1 nodes (12555 simplex iterations) in 60.33 seconds (58.45 work units)
Thread count was 16 (of 16 available processors)

Solution count 3: 8.7558e+08 8.75435e+08 8.75402e+08 

Time limit reached
Best objective 8.755800727491e+08, best bound 8.798552485963e+08, gap 0.4883%
IIS computation: initial model status unknown, solving to determine model status
Presolve removed 17847 rows and 35968 columns
Presolve time: 3.30s
Presolved: 14986 rows, 254231 columns, 987320 nonzeros
Variable types: 750 continuous, 253481 integer (253309 binary)
Deterministic concurrent LP optimizer: primal simplex, dual simplex, and barrier
Showing barrier log only...

Root barrier log...

Ordering time: 0.18s

Barrier statistics:
 AA' NZ     : 5.238e+05
 Factor NZ  : 1.078e+06 (roughly 120 MB of memory)
 Factor Ops : 3.048e+08 (less than 1 second per iteration)
 Threads    : 5

                  Objective                Residual
Iter       Primal          Dual         Primal    Dual     Compl     Time
   0  -0.00000000e+00  5.38652527e+06  1.62e+09 0.00e+00  7.88e+03     6s
   1  -0.00000000e+00  5.20955706e+06  1.52e+08 8.33e-17  7.53e+02     6s
   2  -0.00000000e+00  4.15550547e+06  2.00e+07 1.11e-16  1.05e+02     6s
   3  -0.00000000e+00  2.09469936e+06  2.67e+06 9.71e-17  1.66e+01     6s
   4  -0.00000000e+00  3.29958938e+05  1.31e+05 8.40e-17  1.09e+00     6s
   5  -0.00000000e+00  2.44342537e+05  1.03e+05 2.07e-16  8.24e-01     7s
   6  -0.00000000e+00  1.50888124e+05  5.57e+04 5.52e-16  4.74e-01     7s
   7  -0.00000000e+00  1.11731462e+05  4.12e+04 1.03e-15  3.46e-01     7s
   8  -0.00000000e+00  4.47463554e+04  1.02e+04 1.11e-15  1.15e-01     7s
   9  -0.00000000e+00  2.22638693e+04  4.53e+03 8.08e-16  5.39e-02     7s
  10  -0.00000000e+00  3.85004791e+03  8.52e+02 3.62e-16  8.84e-03     8s
  11  -0.00000000e+00  1.19302747e+03  1.71e+02 2.82e-16  2.52e-03     8s
  12  -0.00000000e+00  5.89933339e+02  8.26e+01 1.73e-16  1.24e-03     8s
  13  -0.00000000e+00  3.19855314e+02  5.18e+01 4.58e-16  6.78e-04     8s
  14  -0.00000000e+00  2.69893697e+02  4.09e+01 6.01e-16  5.70e-04     8s
  15  -0.00000000e+00  2.15732314e+02  3.32e+01 5.38e-16  4.56e-04     8s
  16  -0.00000000e+00  1.64312751e+02  2.53e+01 5.28e-16  3.48e-04     9s
  17  -0.00000000e+00  1.05050289e+02  1.42e+01 4.18e-16  2.20e-04     9s
  18  -0.00000000e+00  6.05849829e+01  1.05e+01 2.07e-09  1.29e-04     9s
  19  -0.00000000e+00  3.88578293e+01  3.99e+00 2.45e-16  7.93e-05     9s
  20  -0.00000000e+00  1.33651372e+01  1.97e+00 5.90e-09  2.70e-05    10s
  21  -0.00000000e+00  6.01035510e+00  5.43e-01 7.02e-09  1.19e-05    10s
  22  -0.00000000e+00  5.12744939e-01  9.42e-03 6.48e-09  1.01e-06    10s
  23  -0.00000000e+00  4.11072538e-04  8.61e-10 3.07e-11  8.48e-10    10s
  24  -0.00000000e+00  4.23383350e-10  9.23e-11 3.17e-17  8.73e-16    10s

Barrier solved model in 24 iterations and 10.14 seconds (8.49 work units)
Optimal objective -0.00000000e+00

  Building initial crossover basis                                15s
Concurrent spin time: 3.46s (can be avoided by choosing Method=3)

Solved with primal simplex

Root simplex log...

Iteration    Objective       Primal Inf.    Dual Inf.      Time
   82311   -0.0000000e+00   0.000000e+00   0.000000e+00     17s

Root relaxation: objective -0.000000e+00, 82311 iterations, 13.27 seconds (7.11 work units)

    Nodes    |    Current Node    |     Objective Bounds      |     Work
 Expl Unexpl |  Obj  Depth IntInf | Incumbent    BestBd   Gap | It/Node Time

     0     0  postponed    0               -   -0.00000      -     -   17s
H    0     0                      -0.0000000   -0.00000  0.00%     -   17s

Explored 1 nodes (7554 simplex iterations) in 17.57 seconds (12.83 work units)
Thread count was 16 (of 16 available processors)

Solution count 1: -0 
No other solutions better than -0

Optimal solution found (tolerance 1.00e-04)
Best objective -0.000000000000e+00, best bound -0.000000000000e+00, gap 0.0000%
IIS runtime: 17.64 seconds (12.83 work units)

Gurobi 10.0.0 (win64) logging started Tue Dec 13 12:25:03 2022

Set parameter LogFile to value "solution/1S_23V_90D/t_1S_23V_90D_d.log"
Gurobi Optimizer version 10.0.0 build v10.0.0rc2 (win64)

CPU model: Intel(R) Core(TM) i7-10700 CPU @ 2.90GHz, instruction set [SSE2|AVX|AVX2]
Thread count: 8 physical cores, 16 logical processors, using up to 16 threads

Optimize a model with 32833 rows, 290199 columns and 1276684 nonzeros
Model fingerprint: 0x39291eb9
Variable types: 736 continuous, 289463 integer (289463 binary)
Coefficient statistics:
  Matrix range     [1e+00, 2e+05]
  Objective range  [4e+01, 2e+07]
  Bounds range     [1e+00, 1e+00]
  RHS range        [1e+00, 2e+06]
Presolve removed 17429 rows and 33000 columns
Presolve time: 2.61s
Presolved: 15404 rows, 257199 columns, 996302 nonzeros
Variable types: 750 continuous, 256449 integer (256393 binary)
Deterministic concurrent LP optimizer: primal simplex, dual simplex, and barrier
Showing barrier log only...

Root barrier log...

Ordering time: 0.13s

Barrier statistics:
 AA' NZ     : 5.299e+05
 Factor NZ  : 9.049e+05 (roughly 120 MB of memory)
 Factor Ops : 1.419e+08 (less than 1 second per iteration)
 Threads    : 5

                  Objective                Residual
Iter       Primal          Dual         Primal    Dual     Compl     Time
   0  -3.30071229e+15  8.49781783e+13  1.61e+09 3.98e+04  1.23e+11     5s
   1  -4.80723304e+14  8.25497894e+13  2.37e+08 2.23e+05  1.82e+10     5s
   2  -2.45727538e+13  6.78723483e+13  1.21e+07 1.63e-09  1.05e+09     5s
   3  -1.75782163e+12  1.79464536e+13  8.68e+05 1.86e-09  9.21e+07     5s
   4  -1.04348633e+12  1.15828729e+13  5.15e+05 5.36e-09  5.67e+07     5s
   5  -4.86422665e+11  1.07604473e+13  2.40e+05 5.59e-09  3.67e+07     6s
   6  -2.37825960e+11  6.31623058e+12  1.18e+05 4.42e-09  2.00e+07     6s
   7  -1.04334190e+11  4.73473604e+12  5.18e+04 3.49e-09  1.26e+07     6s
   8  -5.30065043e+10  3.40359004e+12  2.65e+04 2.26e-08  8.31e+06     6s
   9  -1.91307014e+10  2.86791188e+12  9.78e+03 2.07e-08  6.16e+06     6s
  10  -9.91355644e+09  1.38409548e+12  5.25e+03 2.28e-08  2.97e+06     6s
  11  -1.98735174e+09  5.12648253e+11  1.35e+03 1.16e-08  1.06e+06     6s
  12   1.84996576e+08  1.98063259e+11  2.83e+02 7.33e-09  3.92e+05     7s
  13   5.64948503e+08  1.33377861e+11  1.04e+02 6.05e-09  2.60e+05     7s
  14   6.23671713e+08  6.73613042e+10  7.69e+01 7.93e-09  1.32e+05     7s
  15   7.00874256e+08  4.21453605e+10  4.33e+01 3.16e-08  8.21e+04     7s
  16   7.47251041e+08  3.85878043e+10  2.36e+01 4.51e-08  7.42e+04     7s
  17   7.63517789e+08  2.21462154e+10  1.68e+01 2.42e-08  4.23e+04     7s
  18   7.68555485e+08  1.93745902e+10  1.49e+01 2.19e-08  3.68e+04     8s
  19   7.94497590e+08  1.17387958e+10  7.18e+00 2.04e-08  2.16e+04     8s
  20   8.12054910e+08  7.87289990e+09  2.29e+00 2.12e-08  1.37e+04     8s
  21   8.25950115e+08  3.03809310e+09  9.11e-01 8.69e-09  4.30e+03     8s
  22   8.31277612e+08  2.36982951e+09  6.70e-01 9.87e-09  2.98e+03     8s
  23   8.35244339e+08  2.34062225e+09  5.49e-01 7.61e-09  2.92e+03     8s
  24   8.39295198e+08  2.27755353e+09  4.59e-01 7.41e-09  2.78e+03     9s
  25   8.39925839e+08  2.19442144e+09  4.32e-01 8.34e-09  2.62e+03     9s
  26   8.41435410e+08  1.97287449e+09  4.03e-01 7.10e-09  2.19e+03     9s
  27   8.47767111e+08  1.70292938e+09  1.98e-01 6.23e-09  1.65e+03     9s
  28   8.52453050e+08  1.59568031e+09  6.94e-02 5.60e-09  1.43e+03     9s
  29   8.53858975e+08  1.20517700e+09  4.41e-02 5.16e-09  6.77e+02    10s
  30   8.54367970e+08  1.19969319e+09  4.17e-02 6.85e-09  6.66e+02    10s
  31   8.55382766e+08  1.18265921e+09  3.62e-02 6.69e-09  6.31e+02    10s
  32   8.57253138e+08  1.14716964e+09  3.09e-02 6.63e-09  5.59e+02    10s
  33   8.57336108e+08  1.11589700e+09  2.81e-02 5.83e-09  4.98e+02    10s
  34   8.60101508e+08  1.07724589e+09  2.09e-02 5.18e-09  4.19e+02    11s
  35   8.61562634e+08  1.02139336e+09  1.48e-02 5.76e-09  3.08e+02    11s
  36   8.63078740e+08  1.01361718e+09  1.16e-02 6.46e-09  2.90e+02    11s
  37   8.64493855e+08  9.77007965e+08  1.01e-02 5.28e-09  2.17e+02    12s
  38   8.65328796e+08  9.51794654e+08  9.30e-03 6.31e-09  1.67e+02    12s
  39   8.65241746e+08  9.34159853e+08  8.47e-03 6.38e-09  1.33e+02    12s
  40   8.68479110e+08  9.23414091e+08  5.20e-03 5.12e-09  1.06e+02    12s
  41   8.69546924e+08  9.15320485e+08  4.55e-03 5.31e-09  8.82e+01    13s
  42   8.70263359e+08  9.10463659e+08  4.23e-03 5.84e-09  7.75e+01    13s
  43   8.70892757e+08  9.03613913e+08  3.86e-03 6.36e-09  6.31e+01    13s
  44   8.71530200e+08  8.99024637e+08  3.46e-03 6.21e-09  5.30e+01    14s
  45   8.72019254e+08  8.95648706e+08  3.17e-03 7.09e-09  4.55e+01    14s
  46   8.72251537e+08  8.95203320e+08  3.04e-03 6.72e-09  4.42e+01    14s
  47   8.72870406e+08  8.92783161e+08  2.70e-03 6.48e-09  3.84e+01    15s
  48   8.73448335e+08  8.92185073e+08  2.45e-03 6.88e-09  3.61e+01    15s
  49   8.73952409e+08  8.89607453e+08  2.22e-03 6.99e-09  3.02e+01    15s
  50   8.74427629e+08  8.88785465e+08  2.01e-03 6.78e-09  2.77e+01    16s
  51   8.75106672e+08  8.87785491e+08  1.72e-03 6.33e-09  2.44e+01    16s
  52   8.75659913e+08  8.86948064e+08  1.47e-03 8.54e-09  2.18e+01    16s
  53   8.76523302e+08  8.85311198e+08  1.16e-03 6.30e-09  1.69e+01    17s
  54   8.77498226e+08  8.84142290e+08  8.03e-04 6.40e-09  1.28e+01    17s
  55   8.77720932e+08  8.83655567e+08  7.12e-04 6.55e-09  1.14e+01    17s
  56   8.78120711e+08  8.83108445e+08  5.72e-04 5.55e-09  9.61e+00    18s
  57   8.78559944e+08  8.81768381e+08  4.21e-04 7.50e-09  6.18e+00    18s
  58   8.78769681e+08  8.81427325e+08  3.52e-04 5.15e-09  5.12e+00    18s
  59   8.79067495e+08  8.81099383e+08  2.51e-04 4.71e-09  3.92e+00    19s
  60   8.79196249e+08  8.81001832e+08  2.09e-04 5.37e-09  3.48e+00    19s
  61   8.79403477e+08  8.80778027e+08  1.43e-04 5.05e-09  2.65e+00    19s
  62   8.79566607e+08  8.80613426e+08  8.99e-05 5.27e-09  2.02e+00    20s
  63   8.79678318e+08  8.80417158e+08  5.46e-05 4.88e-09  1.42e+00    20s
  64   8.79775861e+08  8.80173582e+08  2.48e-05 5.58e-09  7.66e-01    20s
  65   8.79781394e+08  8.80098965e+08  2.33e-05 4.67e-09  6.12e-01    21s
  66   8.79792833e+08  8.80088449e+08  2.03e-05 5.74e-09  5.70e-01    21s
  67   8.79805395e+08  8.80045509e+08  1.68e-05 4.16e-09  4.63e-01    21s
  68   8.79843912e+08  8.79971373e+08  6.22e-06 5.11e-09  2.46e-01    21s
  69   8.79865105e+08  8.79917517e+08  8.77e-07 5.15e-09  1.01e-01    21s
  70   8.79870370e+08  8.79876735e+08  4.16e-07 6.40e-09  1.23e-02    22s
  71   8.79870790e+08  8.79872011e+08  4.14e-07 6.30e-09  2.35e-03    22s
  72   8.79871010e+08  8.79871059e+08  7.79e-07 5.91e-09  9.49e-05    22s
  73   8.79871027e+08  8.79871027e+08  6.55e-11 6.96e-09  1.23e-09    22s

Barrier solved model in 73 iterations and 22.18 seconds (10.86 work units)
Optimal objective 8.79871027e+08


Root crossover log...

    7988 DPushes remaining with DInf 0.0000000e+00                22s
       0 DPushes remaining with DInf 0.0000000e+00                23s

     585 PPushes remaining with PInf 0.0000000e+00                23s
       0 PPushes remaining with PInf 0.0000000e+00                23s

  Push phase complete: Pinf 0.0000000e+00, Dinf 7.4368138e-08     23s


Root simplex log...

Iteration    Objective       Primal Inf.    Dual Inf.      Time
    8534    8.7987103e+08   0.000000e+00   0.000000e+00     23s
Concurrent spin time: 0.01s

Solved with barrier
    8534    8.7987103e+08   0.000000e+00   0.000000e+00     23s

Root relaxation: objective 8.798710e+08, 8534 iterations, 19.60 seconds (6.07 work units)

    Nodes    |    Current Node    |     Objective Bounds      |     Work
 Expl Unexpl |  Obj  Depth IntInf | Incumbent    BestBd   Gap | It/Node Time

     0     0 8.7987e+08    0  216          - 8.7987e+08      -     -   23s
H    0     0                    8.754024e+08 8.7987e+08  0.51%     -   35s
H    0     0                    8.754351e+08 8.7987e+08  0.51%     -   37s
     0     0 8.7986e+08    0  223 8.7544e+08 8.7986e+08  0.50%     -   39s
H    0     0                    8.756169e+08 8.7986e+08  0.48%     -   65s
     0     0 8.7985e+08    0  218 8.7562e+08 8.7985e+08  0.48%     -   66s
     0     0 8.7981e+08    0  224 8.7562e+08 8.7981e+08  0.48%     -   67s
     0     0 8.7980e+08    0  214 8.7562e+08 8.7980e+08  0.48%     -   67s
     0     0 8.7980e+08    0  215 8.7562e+08 8.7980e+08  0.48%     -   67s
     0     0 8.7978e+08    0  205 8.7562e+08 8.7978e+08  0.48%     -   70s
     0     0 8.7978e+08    0  200 8.7562e+08 8.7978e+08  0.48%     -   83s
     0     0 8.7978e+08    0  200 8.7562e+08 8.7978e+08  0.48%     -   83s
     0     0 8.7978e+08    0  219 8.7562e+08 8.7978e+08  0.48%     -   85s
     0     0 8.7978e+08    0  212 8.7562e+08 8.7978e+08  0.48%     -   87s
     0     0 8.7978e+08    0  227 8.7562e+08 8.7978e+08  0.47%     -   89s
     0     0 8.7978e+08    0  214 8.7562e+08 8.7978e+08  0.47%     -   91s
     0     0 8.7978e+08    0  217 8.7562e+08 8.7978e+08  0.47%     -   91s
     0     0 8.7977e+08    0  208 8.7562e+08 8.7977e+08  0.47%     -   92s
     0     0 8.7977e+08    0  210 8.7562e+08 8.7977e+08  0.47%     -   94s
     0     0 8.7977e+08    0  212 8.7562e+08 8.7977e+08  0.47%     -   95s
     0     0 8.7977e+08    0  233 8.7562e+08 8.7977e+08  0.47%     -   96s
     0     0 8.7977e+08    0  233 8.7562e+08 8.7977e+08  0.47%     -   97s
     0     0 8.7977e+08    0  240 8.7562e+08 8.7977e+08  0.47%     -   98s
     0     0 8.7977e+08    0  238 8.7562e+08 8.7977e+08  0.47%     -   99s
     0     0 8.7977e+08    0  228 8.7562e+08 8.7977e+08  0.47%     -  102s
     0     2 8.7972e+08    0  226 8.7562e+08 8.7972e+08  0.47%     -  122s
     1     4 8.7972e+08    1  226 8.7562e+08 8.7972e+08  0.47%  1564  126s
     3     8 8.7972e+08    2  231 8.7562e+08 8.7972e+08  0.47%   947  137s
     7    16 8.7972e+08    3  229 8.7562e+08 8.7972e+08  0.47%   638  156s
    15    24 8.7972e+08    4  247 8.7562e+08 8.7972e+08  0.47%   464  178s
    23    32 8.7972e+08    5  239 8.7562e+08 8.7972e+08  0.47%   380  198s
    31    40 8.7972e+08    5  208 8.7562e+08 8.7972e+08  0.47%   407  216s
    39    48 8.7972e+08    6  250 8.7562e+08 8.7972e+08  0.47%   375  231s
    47    56 8.7972e+08    6  239 8.7562e+08 8.7972e+08  0.47%   356  245s
    55    64 8.7972e+08    7  224 8.7562e+08 8.7972e+08  0.47%   330  259s
    63    80 8.7972e+08    7  239 8.7562e+08 8.7972e+08  0.47%   308  296s
    79   105 8.7972e+08    8  224 8.7562e+08 8.7972e+08  0.47%   299  352s
   104   133 8.7970e+08    9  207 8.7562e+08 8.7972e+08  0.47%   303  430s
H  115   133                    8.756202e+08 8.7972e+08  0.47%   300  430s
H  118   133                    8.756678e+08 8.7972e+08  0.46%   313  431s
H  132   141                    8.768010e+08 8.7972e+08  0.33%   301  645s
H  136   141                    8.770653e+08 8.7972e+08  0.30%   302  645s
   140   198 8.7972e+08   13  227 8.7707e+08 8.7972e+08  0.30%   307  802s
   197   302 8.7969e+08   18  217 8.7707e+08 8.7972e+08  0.30%   361 1036s
H  260   302                    8.773871e+08 8.7972e+08  0.27%   347 1036s
   301   422 8.7954e+08   24  203 8.7739e+08 8.7972e+08  0.27%   326 1224s
H  344   422                    8.775358e+08 8.7972e+08  0.25%   315 1224s
   421   629 8.7944e+08   29  182 8.7754e+08 8.7972e+08  0.25%   295 1420s
   630   891 8.7938e+08   37  209 8.7754e+08 8.7972e+08  0.25%   239 1582s
   909  1133 8.7903e+08   50  131 8.7754e+08 8.7972e+08  0.25%   194 1712s
  1166  1418 8.7900e+08   65  112 8.7754e+08 8.7972e+08  0.25%   166 1823s
  1451  1673 8.7899e+08   92   91 8.7754e+08 8.7972e+08  0.25%   143 1903s
H 1706  1747                    8.778426e+08 8.7972e+08  0.21%   125 1966s
H 1707  1745                    8.779447e+08 8.7972e+08  0.20%   125 1967s
  1781  2167 8.7899e+08  101   94 8.7794e+08 8.7972e+08  0.20%   121 2072s
  2211  2499 8.7896e+08  116  112 8.7794e+08 8.7972e+08  0.20%   105 2173s
  2612  2917 8.7894e+08  124   99 8.7794e+08 8.7972e+08  0.20%  93.6 2267s
  3078  3228 8.7891e+08  152  107 8.7794e+08 8.7972e+08  0.20%  82.5 2359s
  3486  3490 8.7891e+08  175  100 8.7794e+08 8.7972e+08  0.20%  76.0 2438s
  3812  3850 8.7891e+08  186   87 8.7794e+08 8.7972e+08  0.20%  72.9 2538s
  4286  4206 8.7886e+08  218   76 8.7794e+08 8.7972e+08  0.20%  68.9 2630s
  4828  4455 8.7885e+08  261   88 8.7794e+08 8.7972e+08  0.20%  64.5 2726s
  5204  4793 8.7883e+08  298   86 8.7794e+08 8.7972e+08  0.20%  61.9 2827s
  5588  5126 8.7880e+08  351   74 8.7794e+08 8.7972e+08  0.20%  60.3 2927s
  5921  5484 8.7878e+08  391   84 8.7794e+08 8.7972e+08  0.20%  59.3 3029s
  6279  5758 8.7877e+08  431  100 8.7794e+08 8.7972e+08  0.20%  59.0 3124s
  6561  6140 8.7876e+08  462   99 8.7794e+08 8.7972e+08  0.20%  59.0 3235s
  6953  6574 8.7875e+08  507   90 8.7794e+08 8.7972e+08  0.20%  58.8 3351s
  7391  6575 8.7843e+08  590  228 8.7794e+08 8.7972e+08  0.20%  58.8 3483s
H 7392  6247                    8.779513e+08 8.7972e+08  0.20%  58.8 3515s
H 7393  5934                    8.779536e+08 8.7972e+08  0.20%  58.8 3564s
  7394  5935 8.7952e+08   13  243 8.7795e+08 8.7972e+08  0.20%  58.8 3565s
H 7394  5638                    8.779784e+08 8.7972e+08  0.20%  58.8 3566s
  7397  5640 8.7908e+08  904  217 8.7798e+08 8.7972e+08  0.20%  58.8 3574s
  7398  5641 8.7844e+08  391  235 8.7798e+08 8.7972e+08  0.20%  58.8 3583s
  7399  5641 8.7971e+08   11  195 8.7798e+08 8.7972e+08  0.20%  58.8 3588s
  7400  5642 8.7843e+08  528  218 8.7798e+08 8.7971e+08  0.20%  58.8 3597s
  7402  5643 8.7809e+08  454  229 8.7798e+08 8.7970e+08  0.20%  58.8 3617s
  7403  5644 8.7803e+08  411  233 8.7798e+08 8.7970e+08  0.20%  58.7 3664s
  7404  5645 8.7914e+08  628  218 8.7798e+08 8.7970e+08  0.20%  58.7 3677s
  7405  5645 8.7839e+08  775  219 8.7798e+08 8.7970e+08  0.20%  58.7 3713s
  7406  5646 8.7844e+08  350  223 8.7798e+08 8.7970e+08  0.20%  58.7 3724s
  7407  5647 8.7838e+08  721  221 8.7798e+08 8.7970e+08  0.20%  58.7 3738s
  7408  5647 8.7956e+08   23  220 8.7798e+08 8.7970e+08  0.20%  58.7 3752s
  7409  5648 8.7911e+08  400  220 8.7798e+08 8.7967e+08  0.19%  58.7 3845s
  7410  5652 8.7967e+08   13  217 8.7798e+08 8.7967e+08  0.19%  63.4 3854s
  7412  5655 8.7967e+08   14  186 8.7798e+08 8.7967e+08  0.19%  63.5 3871s
  7416  5662 8.7967e+08   15  192 8.7798e+08 8.7967e+08  0.19%  63.6 3924s
  7424  5667 8.7967e+08   16  203 8.7798e+08 8.7967e+08  0.19%  64.4 3954s
  7432  5672 8.7967e+08   16  220 8.7798e+08 8.7967e+08  0.19%  65.0 3984s
  7440  5678 8.7964e+08   17  192 8.7798e+08 8.7967e+08  0.19%  65.5 4000s
  7448  5683 8.7965e+08   17  207 8.7798e+08 8.7967e+08  0.19%  65.7 4227s
H 7449  5401                    8.779784e+08 8.7967e+08  0.19%  65.6 4227s
H 7455  5130                    8.779811e+08 8.7967e+08  0.19%  65.9 4227s
  7456  5137 8.7961e+08   18  213 8.7798e+08 8.7967e+08  0.19%  66.1 4257s
  7464  5147 8.7962e+08   18  203 8.7798e+08 8.7967e+08  0.19%  66.3 4284s
  7476  5154 8.7961e+08   19  200 8.7798e+08 8.7967e+08  0.19%  66.8 4309s
  7487  5176 8.7961e+08   19  217 8.7798e+08 8.7967e+08  0.19%  67.0 4369s
  7513  5225 8.7956e+08   21  230 8.7798e+08 8.7967e+08  0.19%  68.2 4520s
  7571  5272 8.7951e+08   23  206 8.7798e+08 8.7967e+08  0.19%  70.7 4723s
H 7593  5010                    8.779811e+08 8.7967e+08  0.19%  72.0 4723s
  7639  5161 8.7949e+08   26  196 8.7798e+08 8.7967e+08  0.19%  73.8 5067s
  7806  5308 8.7941e+08   32  201 8.7798e+08 8.7967e+08  0.19%  80.3 5397s
  8010  5534 8.7932e+08   41  146 8.7798e+08 8.7967e+08  0.19%  85.7 5678s
  8321  5785 8.7920e+08   51  140 8.7798e+08 8.7967e+08  0.19%  87.6 5914s
  8733  6003 8.7843e+08   59  165 8.7798e+08 8.7967e+08  0.19%  89.6 6088s
  9115  6295 8.7875e+08   66  136 8.7798e+08 8.7967e+08  0.19%  90.3 6247s
  9579  6467 8.7865e+08   75  122 8.7798e+08 8.7967e+08  0.19%  90.1 6394s
  9924  6752 8.7863e+08  101   98 8.7798e+08 8.7967e+08  0.19%  91.8 6552s
 10329  6990 8.7855e+08  127   95 8.7798e+08 8.7967e+08  0.19%  92.9 6704s
 10732  7368 8.7862e+08  144   84 8.7798e+08 8.7967e+08  0.19%  94.2 6865s
 11300  7692 8.7862e+08  162   81 8.7798e+08 8.7967e+08  0.19%  93.5 7015s
 11826  7985 8.7859e+08  189   87 8.7798e+08 8.7967e+08  0.19%  93.0 7173s
 12311  8326 8.7859e+08  205   79 8.7798e+08 8.7967e+08  0.19%  93.5 7306s
 12834  8778 8.7858e+08  217   78 8.7798e+08 8.7967e+08  0.19%  93.0 7429s
 13487  9213 8.7858e+08  236   78 8.7798e+08 8.7967e+08  0.19%  92.1 7544s
 14168  9608 8.7858e+08  258   72 8.7798e+08 8.7967e+08  0.19%  90.9 7658s
 14831 10002 8.7858e+08  271   70 8.7798e+08 8.7967e+08  0.19%  89.8 7825s
H14975  9703                    8.779873e+08 8.7967e+08  0.19%  92.0 7826s
 15552  9846 8.7857e+08  300   77 8.7799e+08 8.7967e+08  0.19%  89.0 7943s
 16013  9899 8.7857e+08  325   70 8.7799e+08 8.7967e+08  0.19%  89.3 8059s
 16316 10038 8.7857e+08  342   69 8.7799e+08 8.7967e+08  0.19%  89.9 8193s
 16595 10278 8.7851e+08  362   74 8.7799e+08 8.7967e+08  0.19%  91.3 8342s
 16930 10503 8.7853e+08  384   73 8.7799e+08 8.7967e+08  0.19%  92.5 8501s
 17276 10773 8.7849e+08  407   68 8.7799e+08 8.7967e+08  0.19%  93.6 8680s
 17676 10852 8.7935e+08   45  222 8.7799e+08 8.7967e+08  0.19%  95.3 8949s
H17703 10523                    8.780312e+08 8.7967e+08  0.19%  95.5 8949s
 17888 11033 8.7920e+08   73   86 8.7803e+08 8.7967e+08  0.19%  97.3 9142s
H17963 10788                    8.780316e+08 8.7967e+08  0.19%  97.2 9142s
 18477 11120 8.7895e+08  148  116 8.7803e+08 8.7967e+08  0.19%  97.8 9339s
H18993 11368                    8.780316e+08 8.7967e+08  0.19%  98.6 9528s
 19679 12013 8.7863e+08  369   55 8.7803e+08 8.7967e+08  0.19%  98.6 9685s
 20520 12608 8.7858e+08  491   42 8.7803e+08 8.7967e+08  0.19%  97.9 9833s
H21254 12454                    8.780716e+08 8.7967e+08  0.18%  96.5 9833s
 21255 13098 8.7843e+08  613   51 8.7807e+08 8.7967e+08  0.18%  96.5 9951s
 22062 13707 8.7828e+08  735   39 8.7807e+08 8.7967e+08  0.18%  95.3 10077s
 22774 14438 8.7827e+08  857   44 8.7807e+08 8.7967e+08  0.18%  94.6 10211s
 23600 15081 8.7825e+08  979   47 8.7807e+08 8.7967e+08  0.18%  94.1 10337s
H24340 15606                    8.780908e+08 8.7967e+08  0.18%  93.8 10505s
H24556 15352                    8.781366e+08 8.7967e+08  0.17%  93.7 10506s
 25025 15925     cutoff 1223      8.7814e+08 8.7967e+08  0.17%  93.3 10688s
H25653 15515                    8.781926e+08 8.7967e+08  0.17%  94.2 10800s

Cutting planes:
  Gomory: 1
  Cover: 10
  Implied bound: 4
  MIR: 45
  Flow cover: 28
  Zero half: 2
  RLT: 3
  Relax-and-lift: 1

Explored 25868 nodes (2438888 simplex iterations) in 10801.46 seconds (5546.87 work units)
Thread count was 16 (of 16 available processors)

Solution count 10: 8.78193e+08 8.78137e+08 8.78091e+08 ... 8.77981e+08

Time limit reached
Best objective 8.781925942337e+08, best bound 8.796661643275e+08, gap 0.1678%
