
Gurobi 10.0.0 (win64) logging started Sun Dec 11 20:45:02 2022

Set parameter LogFile to value "solution/SpeedOpt/t_1S_23V_120D_c.log"
Gurobi Optimizer version 10.0.0 build v10.0.0rc2 (win64)

CPU model: Intel(R) Core(TM) i7-10700 CPU @ 2.90GHz, instruction set [SSE2|AVX|AVX2]
Thread count: 8 physical cores, 16 logical processors, using up to 16 threads

Optimize a model with 42846 rows, 190661 columns and 797365 nonzeros
Model fingerprint: 0x2d6d8212
Variable types: 984 continuous, 189677 integer (189677 binary)
Coefficient statistics:
  Matrix range     [1e+00, 2e+05]
  Objective range  [4e+01, 2e+07]
  Bounds range     [1e+00, 1e+00]
  RHS range        [1e+00, 3e+06]
Presolve removed 21717 rows and 0 columns
Presolve time: 0.03s

Explored 0 nodes (0 simplex iterations) in 0.08 seconds (0.02 work units)
Thread count was 1 (of 16 available processors)

Solution count 0

Model is infeasible or unbounded
Best objective -, best bound -, gap -

Gurobi 10.0.0 (win64) logging started Sun Dec 11 21:05:32 2022

Set parameter LogFile to value "solution/SpeedOpt/t_1S_23V_120D_c.log"
Gurobi Optimizer version 10.0.0 build v10.0.0rc2 (win64)

CPU model: Intel(R) Core(TM) i7-10700 CPU @ 2.90GHz, instruction set [SSE2|AVX|AVX2]
Thread count: 8 physical cores, 16 logical processors, using up to 16 threads

Optimize a model with 42846 rows, 190661 columns and 797365 nonzeros
Model fingerprint: 0xcb2477d9
Variable types: 984 continuous, 189677 integer (189677 binary)
Coefficient statistics:
  Matrix range     [1e+00, 2e+05]
  Objective range  [4e+01, 2e+07]
  Bounds range     [1e+00, 1e+00]
  RHS range        [1e+00, 3e+06]
Presolve removed 21717 rows and 0 columns
Presolve time: 0.02s

Explored 0 nodes (0 simplex iterations) in 0.07 seconds (0.02 work units)
Thread count was 1 (of 16 available processors)

Solution count 0

Model is infeasible or unbounded
Best objective -, best bound -, gap -
IIS computation: initial model status unknown, solving to determine model status
Presolve removed 21717 rows and 0 columns
Presolve time: 0.02s

Explored 0 nodes (0 simplex iterations) in 0.17 seconds (0.02 work units)
Thread count was 1 (of 16 available processors)

Solution count 0
No other solutions better than -1e+100

Model is infeasible
Best objective -, best bound -, gap -

IIS computed: 1 constraints, 0 bounds
IIS runtime: 0.18 seconds (0.02 work units)

Gurobi 10.0.0 (win64) logging started Sun Dec 11 21:13:32 2022

Set parameter LogFile to value "solution/SpeedOpt/t_1S_23V_120D_c.log"
Gurobi Optimizer version 10.0.0 build v10.0.0rc2 (win64)

CPU model: Intel(R) Core(TM) i7-10700 CPU @ 2.90GHz, instruction set [SSE2|AVX|AVX2]
Thread count: 8 physical cores, 16 logical processors, using up to 16 threads

Optimize a model with 42846 rows, 190750 columns and 797543 nonzeros
Model fingerprint: 0x1df4fb85
Variable types: 984 continuous, 189766 integer (189766 binary)
Coefficient statistics:
  Matrix range     [1e+00, 2e+05]
  Objective range  [4e+01, 2e+07]
  Bounds range     [1e+00, 1e+00]
  RHS range        [1e+00, 3e+06]
Presolve removed 24814 rows and 47518 columns
Presolve time: 1.29s
Presolved: 18032 rows, 143232 columns, 537709 nonzeros
Variable types: 998 continuous, 142234 integer (142232 binary)
Deterministic concurrent LP optimizer: primal simplex, dual simplex, and barrier
Showing barrier log only...

Root barrier log...

Ordering time: 0.22s

Barrier statistics:
 AA' NZ     : 3.040e+05
 Factor NZ  : 7.775e+05 (roughly 70 MB of memory)
 Factor Ops : 1.380e+08 (less than 1 second per iteration)
 Threads    : 5

                  Objective                Residual
Iter       Primal          Dual         Primal    Dual     Compl     Time
   0  -7.13984990e+15  4.97964121e+13  1.53e+09 3.62e+04  2.34e+11     3s
   1  -1.12846997e+15  5.00334206e+13  2.45e+08 2.06e+05  3.78e+10     3s
   2  -1.11969234e+14  3.90024678e+13  2.48e+07 1.10e+04  3.94e+09     3s
   3  -1.15785441e+13  2.04459028e+13  2.57e+06 1.40e-09  4.43e+08     3s
   4  -1.80329668e+12  7.64523953e+12  3.99e+05 1.40e-09  7.98e+07     3s
   5  -1.44463165e+12  7.04652862e+12  3.20e+05 1.40e-09  6.70e+07     3s
   6  -1.03894419e+12  3.06549626e+12  2.30e+05 1.16e-09  4.12e+07     3s
   7  -9.10573393e+10  1.99811744e+12  2.02e+04 9.31e-10  9.50e+06     3s
   8  -6.19813022e+10  1.91435661e+12  1.38e+04 1.05e-09  8.36e+06     3s
   9  -1.83887878e+10  1.66090061e+12  4.23e+03 1.05e-09  6.23e+06     3s
  10  -1.38592175e+10  1.11305843e+12  3.22e+03 9.08e-09  4.21e+06     3s
  11  -1.11379715e+10  9.74926163e+11  2.62e+03 1.16e-09  3.65e+06     3s
  12  -3.49670459e+09  4.66054802e+11  9.59e+02 1.04e-08  1.69e+06     4s
  13  -3.86445490e+08  1.08487918e+11  2.90e+02 4.19e-09  3.91e+05     4s
  14   1.21379818e+08  5.81455285e+10  1.84e+02 3.71e-08  2.10e+05     4s
  15   4.63911812e+08  3.63065611e+10  1.15e+02 3.32e-08  1.30e+05     4s
  16   6.11553123e+08  2.19757525e+10  8.52e+01 2.09e-08  7.88e+04     4s
  17   7.33382862e+08  1.69830179e+10  6.14e+01 1.62e-08  5.99e+04     4s
  18   7.95708153e+08  1.48080194e+10  4.93e+01 1.58e-08  5.14e+04     4s
  19   8.48512068e+08  1.25787403e+10  3.97e+01 1.75e-08  4.30e+04     4s
  20   9.00742075e+08  7.18036473e+09  3.12e+01 1.11e-08  2.39e+04     4s
  21   9.68118119e+08  4.70304641e+09  1.80e+01 7.97e-09  1.42e+04     4s
  22   1.01677917e+09  2.97814769e+09  7.92e+00 7.92e-09  7.35e+03     5s
  23   1.04778022e+09  2.20187422e+09  2.54e+00 6.23e-09  4.12e+03     5s
  24   1.05680992e+09  1.70791237e+09  1.69e+00 6.61e-09  2.32e+03     5s
  25   1.06754235e+09  1.50956239e+09  1.06e+00 5.10e-09  1.56e+03     5s
  26   1.07631297e+09  1.32914096e+09  6.37e-01 6.07e-09  8.85e+02     5s
  27   1.07909879e+09  1.27301001e+09  5.27e-01 5.80e-09  6.78e+02     5s
  28   1.08168656e+09  1.26619016e+09  4.33e-01 7.00e-09  6.43e+02     5s
  29   1.08329427e+09  1.23439519e+09  3.77e-01 8.61e-09  5.26e+02     5s
  30   1.08820889e+09  1.20659111e+09  2.12e-01 5.78e-09  4.10e+02     5s
  31   1.09247846e+09  1.17758018e+09  9.30e-02 7.11e-09  2.93e+02     5s
  32   1.09352696e+09  1.15309861e+09  7.46e-02 4.90e-09  2.05e+02     6s
  33   1.09612616e+09  1.12484276e+09  3.47e-02 7.10e-09  9.88e+01     6s
  34   1.09753109e+09  1.11981014e+09  2.03e-02 5.27e-09  7.65e+01     6s
  35   1.09851758e+09  1.11711539e+09  1.54e-02 6.00e-09  6.38e+01     6s
  36   1.09894878e+09  1.11376787e+09  1.30e-02 5.93e-09  5.09e+01     6s
  37   1.09955614e+09  1.10929301e+09  1.03e-02 6.66e-09  3.35e+01     6s
  38   1.09985137e+09  1.10789780e+09  8.87e-03 7.79e-09  2.76e+01     6s
  39   1.10015152e+09  1.10683101e+09  7.72e-03 7.06e-09  2.30e+01     6s
  40   1.10051725e+09  1.10546384e+09  6.25e-03 7.55e-09  1.70e+01     7s
  41   1.10080355e+09  1.10424751e+09  5.19e-03 6.68e-09  1.19e+01     7s
  42   1.10106781e+09  1.10402257e+09  4.22e-03 8.31e-09  1.02e+01     7s
  43   1.10152908e+09  1.10351093e+09  2.54e-03 7.53e-09  6.82e+00     7s
  44   1.10191241e+09  1.10300335e+09  1.21e-03 4.78e-09  3.75e+00     7s
  45   1.10214408e+09  1.10260287e+09  4.72e-04 4.54e-09  1.58e+00     7s
  46   1.10219940e+09  1.10235908e+09  2.96e-04 6.54e-09  5.51e-01     7s
  47   1.10227012e+09  1.10234981e+09  8.07e-05 6.46e-09  2.74e-01     7s
  48   1.10229396e+09  1.10231828e+09  1.14e-05 5.10e-09  8.34e-02     8s
  49   1.10229742e+09  1.10230513e+09  2.50e-06 4.98e-09  2.64e-02     8s
  50   1.10229828e+09  1.10230017e+09  9.52e-07 6.30e-09  6.48e-03     8s
  51   1.10229879e+09  1.10229932e+09  1.64e-07 4.63e-09  1.79e-03     8s
  52   1.10229891e+09  1.10229905e+09  7.19e-09 6.19e-09  4.80e-04     8s
  53   1.10229891e+09  1.10229892e+09  3.60e-10 5.57e-09  1.56e-05     8s
  54   1.10229891e+09  1.10229891e+09  3.19e-09 6.07e-09  1.52e-08     8s
  55   1.10229891e+09  1.10229891e+09  8.90e-10 5.74e-09  6.32e-11     8s

Barrier solved model in 55 iterations and 8.35 seconds (5.62 work units)
Optimal objective 1.10229891e+09


Root crossover log...

    8168 DPushes remaining with DInf 0.0000000e+00                 8s
       0 DPushes remaining with DInf 0.0000000e+00                 9s

    3063 PPushes remaining with PInf 0.0000000e+00                 9s
       0 PPushes remaining with PInf 0.0000000e+00                 9s

  Push phase complete: Pinf 0.0000000e+00, Dinf 1.5850143e-07      9s


Root simplex log...

Iteration    Objective       Primal Inf.    Dual Inf.      Time
   11228    1.1022989e+09   0.000000e+00   0.000000e+00      9s
Concurrent spin time: 0.00s

Solved with barrier
   11228    1.1022989e+09   0.000000e+00   0.000000e+00      9s

Root relaxation: objective 1.102299e+09, 11228 iterations, 6.98 seconds (3.12 work units)

    Nodes    |    Current Node    |     Objective Bounds      |     Work
 Expl Unexpl |  Obj  Depth IntInf | Incumbent    BestBd   Gap | It/Node Time

     0     0 1.1023e+09    0  176          - 1.1023e+09      -     -    9s
H    0     0                    1.080184e+09 1.1023e+09  2.05%     -   20s
H    0     0                    1.080188e+09 1.1023e+09  2.05%     -   25s
H    0     0                    1.080727e+09 1.1023e+09  2.00%     -   27s
H    0     0                    1.080843e+09 1.1023e+09  1.99%     -   30s
     0     0 1.1023e+09    0  198 1.0808e+09 1.1023e+09  1.99%     -   33s
H    0     0                    1.090340e+09 1.1023e+09  1.10%     -   61s
H    0     0                    1.093156e+09 1.1023e+09  0.84%     -   63s
     0     0 1.1023e+09    0  165 1.0932e+09 1.1023e+09  0.84%     -   63s
     0     0 1.1023e+09    0  143 1.0932e+09 1.1023e+09  0.84%     -   68s
     0     0 1.1023e+09    0  127 1.0932e+09 1.1023e+09  0.84%     -   74s
     0     0 1.1023e+09    0  131 1.0932e+09 1.1023e+09  0.84%     -   76s
     0     0 1.1023e+09    0  136 1.0932e+09 1.1023e+09  0.84%     -   78s
     0     0 1.1023e+09    0  150 1.0932e+09 1.1023e+09  0.84%     -   80s
     0     0 1.1023e+09    0  148 1.0932e+09 1.1023e+09  0.84%     -   81s
     0     0 1.1023e+09    0  148 1.0932e+09 1.1023e+09  0.84%     -   87s
     0     0 1.1023e+09    0  146 1.0932e+09 1.1023e+09  0.84%     -   88s
     0     0 1.1023e+09    0  207 1.0932e+09 1.1023e+09  0.84%     -   97s
     0     0 1.1023e+09    0  208 1.0932e+09 1.1023e+09  0.84%     -  103s
     0     0 1.1023e+09    0  208 1.0932e+09 1.1023e+09  0.84%     -  103s
     0     0 1.1023e+09    0  224 1.0932e+09 1.1023e+09  0.84%     -  106s
H    0     0                    1.093897e+09 1.1023e+09  0.77%     -  115s
     0     0 1.1023e+09    0  206 1.0939e+09 1.1023e+09  0.77%     -  116s
     0     0 1.1023e+09    0  199 1.0939e+09 1.1023e+09  0.77%     -  117s
     0     0 1.1023e+09    0  199 1.0939e+09 1.1023e+09  0.77%     -  118s
     0     0 1.1023e+09    0  217 1.0939e+09 1.1023e+09  0.77%     -  119s
     0     0 1.1023e+09    0  211 1.0939e+09 1.1023e+09  0.77%     -  120s
     0     0 1.1023e+09    0  219 1.0939e+09 1.1023e+09  0.77%     -  121s
     0     0 1.1023e+09    0  201 1.0939e+09 1.1023e+09  0.77%     -  123s
     0     0 1.1023e+09    0  154 1.0939e+09 1.1023e+09  0.76%     -  152s
     0     0 1.1023e+09    0  190 1.0939e+09 1.1023e+09  0.76%     -  159s
H    0     0                    1.094465e+09 1.1023e+09  0.71%     -  192s
     0     0 1.1023e+09    0  200 1.0945e+09 1.1023e+09  0.71%     -  195s
     0     0 1.1023e+09    0  208 1.0945e+09 1.1023e+09  0.71%     -  196s
     0     0 1.1023e+09    0  207 1.0945e+09 1.1023e+09  0.71%     -  197s
     0     0 1.1023e+09    0  208 1.0945e+09 1.1023e+09  0.71%     -  199s
     0     0 1.1023e+09    0  207 1.0945e+09 1.1023e+09  0.71%     -  205s
     0     0 1.1023e+09    0  215 1.0945e+09 1.1023e+09  0.71%     -  205s
     0     0 1.1023e+09    0  210 1.0945e+09 1.1023e+09  0.71%     -  208s
     0     0 1.1023e+09    0  187 1.0945e+09 1.1023e+09  0.71%     -  209s
     0     0 1.1023e+09    0  184 1.0945e+09 1.1023e+09  0.71%     -  211s
     0     0 1.1023e+09    0  175 1.0945e+09 1.1023e+09  0.71%     -  212s
     0     0 1.1023e+09    0  170 1.0945e+09 1.1023e+09  0.71%     -  213s
     0     2 1.1023e+09    0  166 1.0945e+09 1.1023e+09  0.71%     -  230s
     3     8 1.1023e+09    2  162 1.0945e+09 1.1023e+09  0.71%  3476  238s
     7    16 1.1023e+09    3  175 1.0945e+09 1.1023e+09  0.71%  2139  251s
    15    24 1.1023e+09    4  171 1.0945e+09 1.1023e+09  0.71%  1276  267s
    23    32 1.1023e+09    5  174 1.0945e+09 1.1023e+09  0.71%  1181  277s
H   31    40                    1.094465e+09 1.1023e+09  0.71%   982  331s
H   32    40                    1.094469e+09 1.1023e+09  0.71%   959  331s
H   33    40                    1.094505e+09 1.1023e+09  0.71%   930  332s
H   38    40                    1.094507e+09 1.1023e+09  0.71%   881  332s
    39    48 1.1023e+09    7  164 1.0945e+09 1.1023e+09  0.71%   876  341s
    47    56 1.1023e+09    8  174 1.0945e+09 1.1023e+09  0.71%   826  352s
    55    65 1.1023e+09    9  176 1.0945e+09 1.1023e+09  0.71%   819  363s
    64    74 1.1023e+09    9  149 1.0945e+09 1.1023e+09  0.71%   763  375s
    73    83 1.1023e+09   10  177 1.0945e+09 1.1023e+09  0.71%   713  387s
    82    93 1.1023e+09   11  170 1.0945e+09 1.1023e+09  0.71%   684  401s
    92   102 1.1023e+09   13  170 1.0945e+09 1.1023e+09  0.71%   669  413s
   102   111 1.1023e+09   14  180 1.0945e+09 1.1023e+09  0.71%   619  424s
H  109   111                    1.094543e+09 1.1023e+09  0.70%   605  425s
   111   123 1.1022e+09   14  129 1.0945e+09 1.1023e+09  0.70%   606  439s
   123   135 1.1023e+09   15  171 1.0945e+09 1.1023e+09  0.70%   568  450s
   135   161 1.1023e+09   17  166 1.0945e+09 1.1023e+09  0.70%   539  475s
   161   196 1.1023e+09   20  154 1.0945e+09 1.1023e+09  0.70%   488  511s
H  198   237                    1.094543e+09 1.1023e+09  0.70%   427  573s
   240   312 1.1023e+09   28  177 1.0945e+09 1.1023e+09  0.70%   395  639s
   333   401 1.1023e+09   32  167 1.0945e+09 1.1023e+09  0.70%   320  710s
H  339   401                    1.094543e+09 1.1023e+09  0.70%   318  710s
   424   543 1.1023e+09   38  116 1.0945e+09 1.1023e+09  0.70%   272  797s
   575   715 1.1023e+09   51   77 1.0945e+09 1.1023e+09  0.70%   225  895s
   775  1005 1.1023e+09   68   86 1.0945e+09 1.1023e+09  0.70%   194 1002s
H  927  1005                    1.094544e+09 1.1023e+09  0.70%   173 1002s
  1069  1128 1.1022e+09  106   68 1.0945e+09 1.1023e+09  0.70%   163 1067s
H 1108  1128                    1.094544e+09 1.1023e+09  0.70%   159 1067s
  1192  1737 1.1022e+09  107   75 1.0945e+09 1.1023e+09  0.70%   150 1224s
  1822  2563 1.1022e+09  161   79 1.0945e+09 1.1023e+09  0.70%   121 1416s
  2670  3565 1.1022e+09  243   67 1.0945e+09 1.1023e+09  0.70%   103 1582s
  3715  4837 1.1021e+09  368   84 1.0945e+09 1.1023e+09  0.70%  82.9 1733s
  5010  6178 1.1021e+09  510   62 1.0945e+09 1.1023e+09  0.70%  68.9 1858s
  6365  7543 1.1018e+09  674   67 1.0945e+09 1.1023e+09  0.70%  57.2 1969s
  7754  7544 1.1022e+09  224  201 1.0945e+09 1.1023e+09  0.70%  49.2 2002s
  7756  7545 1.1023e+09   36  145 1.0945e+09 1.1023e+09  0.70%  49.2 2019s
  7757  7546 1.1016e+09  550  180 1.0945e+09 1.1023e+09  0.70%  49.2 2045s
  7760  7548 1.1019e+09  231  176 1.0945e+09 1.1023e+09  0.70%  49.2 2053s
  7761  7549 1.1021e+09   23  176 1.0945e+09 1.1023e+09  0.70%  49.2 2081s
  7762  7552 1.1023e+09   15  167 1.0945e+09 1.1023e+09  0.70%  56.5 2089s
  7764  7556 1.1023e+09   16  167 1.0945e+09 1.1023e+09  0.70%  56.5 2094s
  7768  7562 1.1023e+09   17  167 1.0945e+09 1.1023e+09  0.70%  56.7 2104s
  7776  7568 1.1023e+09   18  164 1.0945e+09 1.1023e+09  0.70%  57.0 2114s
  7784  7573 1.1023e+09   18  180 1.0945e+09 1.1023e+09  0.70%  57.1 2121s
  7792  7578 1.1023e+09   19  166 1.0945e+09 1.1023e+09  0.70%  57.2 2177s
H 7794  7200                    1.094544e+09 1.1023e+09  0.70%  57.2 2177s
H 7798  6839                    1.094849e+09 1.1023e+09  0.68%  57.2 2177s
  7800  6847 1.1023e+09   19  183 1.0948e+09 1.1023e+09  0.68%  57.3 2188s
  7808  6852 1.1023e+09   20  164 1.0948e+09 1.1023e+09  0.68%  57.7 2200s
  7816  6857 1.1023e+09   20  201 1.0948e+09 1.1023e+09  0.68%  58.0 2215s
  7824  6863 1.1023e+09   21  182 1.0948e+09 1.1023e+09  0.68%  58.5 2227s
  7832  6868 1.1022e+09   21   74 1.0948e+09 1.1023e+09  0.68%  58.9 2239s
  7840  6886 1.1023e+09   22  169 1.0948e+09 1.1023e+09  0.68%  59.3 2266s
  7861  6908 1.1023e+09   23  180 1.0948e+09 1.1023e+09  0.68%  60.1 2305s
  7890  6975 1.1023e+09   24  181 1.0948e+09 1.1023e+09  0.68%  61.5 2377s
H 7918  6625                    1.094892e+09 1.1023e+09  0.67%  62.4 2377s
  7966  6724 1.1023e+09   28  131 1.0949e+09 1.1023e+09  0.67%  63.0 2480s
H 8042  6375                    1.094892e+09 1.1023e+09  0.67%  64.4 2480s
  8081  6576 1.1022e+09   33  140 1.0949e+09 1.1023e+09  0.67%  64.4 2655s
  8295  6985 1.1023e+09   44  111 1.0949e+09 1.1023e+09  0.67%  66.2 2889s
  8795  7338 1.1022e+09   77   85 1.0949e+09 1.1023e+09  0.67%  67.9 3119s
H 8856  7010                    1.095004e+09 1.1023e+09  0.66%  68.6 3120s
H 9294  6571                    1.095571e+09 1.1023e+09  0.61%  69.6 3120s
H 9361  6986                    1.095577e+09 1.1023e+09  0.61%  69.4 3371s
H 9636  6631                    1.095610e+09 1.1023e+09  0.61%  72.5 3372s
H 9636  6381                    1.095639e+09 1.1023e+09  0.60%  72.5 3372s
H 9848  6072                    1.095678e+09 1.1023e+09  0.60%  72.0 3372s
H10062  5775                    1.095713e+09 1.1023e+09  0.60%  71.4 3372s
 10198  6416 1.1022e+09  166   52 1.0957e+09 1.1023e+09  0.60%  70.7 3600s
H10392  6137                    1.095713e+09 1.1023e+09  0.60%  72.4 3600s
H10574  5862                    1.095922e+09 1.1023e+09  0.58%  73.6 3600s

Cutting planes:
  Lift-and-project: 2
  MIR: 2
  Flow cover: 12
  GUB cover: 1
  RLT: 3

Explored 10885 nodes (1014717 simplex iterations) in 3600.77 seconds (2118.39 work units)
Thread count was 16 (of 16 available processors)

Solution count 10: 1.09592e+09 1.09571e+09 1.09571e+09 ... 1.09489e+09

Time limit reached
Best objective 1.095921799207e+09, best bound 1.102258246765e+09, gap 0.5782%

x[BAY,ART_START,0,DESCON_3,1] 1.0
x[BAY,DESCON_3,1,NGBON,13] 1.0
x[BAY,NGBON,13,DESCON_1,46] 1.0
x[BAY,DESCON_1,46,NGBON,79] 1.0
x[BAY,DESCON_5,106,ART_START,148] 1.0
x[BAY,NGBON,79,DESCON_5,106] 1.0
x[RIV,ART_START,0,DESCON_3,1] 1.0
x[RIV,DESCON_3,1,RIV-M,91] 1.0
x[RIV,RIV-M,91,0,148] 1.0
x[SOK,ART_START,0,SOK-start,1] 1.0
x[SOK,SOK-start,1,NGBON,20] 1.0
x[SOK,NGBON,20,DESCON_7,45] 1.0
x[SOK,DESCON_7,45,NGBON,70] 1.0
x[SOK,NGBON,70,DESCON_7,95] 1.0
x[SOK,DESCON_7,95,NGBON,121] 1.0
x[SOK,DESCON_7,146,ART_START,148] 1.0
x[SOK,NGBON,121,DESCON_7,146] 1.0
x[CRV,ART_START,0,CRV-start,1] 1.0
x[CRV,CRV-start,1,NGBON,16] 1.0
x[CRV,NGBON,16,DESCON_1,46] 1.0
x[CRV,DESCON_1,46,NGBON,80] 1.0
x[CRV,DESCON_5,109,ART_START,148] 1.0
x[CRV,NGBON,80,DESCON_5,109] 1.0
x[RNI,ART_START,0,DESCON_4,1] 1.0
x[RNI,DESCON_4,1,NGBON,14] 1.0
x[RNI,NGBON,14,DESCON_1,46] 1.0
x[RNI,DESCON_1,46,NGBON,77] 1.0
x[RNI,DESCON_6,106,ART_START,148] 1.0
x[RNI,NGBON,77,DESCON_6,106] 1.0
x[ADA,ART_START,0,CRV-start,1] 1.0
x[ADA,CRV-start,1,NGBON,16] 1.0
x[ADA,NGBON,16,DESCON_1,46] 1.0
x[ADA,DESCON_1,46,NGBON,78] 1.0
x[ADA,DESCON_1,108,ART_START,148] 1.0
x[ADA,NGBON,78,DESCON_1,108] 1.0
x[AKW,ART_START,0,CRV-start,2] 1.0
x[AKW,CRV-start,2,NGBON,22] 1.0
x[AKW,NGBON,22,DESCON_7,48] 1.0
x[AKW,DESCON_7,48,NGBON,76] 1.0
x[AKW,DESCON_1,104,ART_START,148] 1.0
x[AKW,NGBON,76,DESCON_1,104] 1.0
x[ABA,ART_START,0,CRV-start,3] 1.0
x[ABA,CRV-start,3,NGBON,23] 1.0
x[ABA,NGBON,23,DESCON_1,51] 1.0
x[ABA,DESCON_1,51,NGBON,81] 1.0
x[ABA,NGBON,81,DESCON_4,93] 1.0
x[ABA,DESCON_4,93,NGBON,105] 1.0
x[ABA,DESCON_6,134,ART_START,148] 1.0
x[ABA,NGBON,105,DESCON_6,134] 1.0
x[ABU,ART_START,0,DESCON_4,5] 1.0
x[ABU,DESCON_4,5,NGBON,18] 1.0
x[ABU,NGBON,18,DESCON_1,46] 1.0
x[ABU,DESCON_1,46,NGBON,75] 1.0
x[ABU,NGBON,75,DESCON_3,86] 1.0
x[ABU,DESCON_3,86,NGBON,97] 1.0
x[ABU,NGBON,97,DESCON_3,108] 1.0
x[ABU,DESCON_3,108,NGBON,119] 1.0
x[ABU,DESCON_7,145,ART_START,148] 1.0
x[ABU,NGBON,119,DESCON_7,145] 1.0
x[FIN,ART_START,0,DESCON_3,7] 1.0
x[FIN,DESCON_3,7,NGBON,18] 1.0
x[FIN,NGBON,18,DESCON_1,46] 1.0
x[FIN,DESCON_1,46,NGBON,74] 1.0
x[FIN,NGBON,74,DESCON_3,85] 1.0
x[FIN,DESCON_3,85,NGBON,96] 1.0
x[FIN,NGBON,96,DESCON_4,108] 1.0
x[FIN,DESCON_4,108,NGBON,120] 1.0
x[FIN,DESCON_7,146,ART_START,148] 1.0
x[FIN,NGBON,120,DESCON_7,146] 1.0
x[PHC,ART_START,0,DESCON_3,9] 1.0
x[PHC,DESCON_3,9,NGBON,25] 1.0
x[PHC,NGBON,25,DESCON_4,37] 1.0
x[PHC,DESCON_4,37,NGBON,49] 1.0
x[PHC,NGBON,49,DESCON_6,78] 1.0
x[PHC,DESCON_6,78,NGBON,107] 1.0
x[PHC,DESCON_6,136,ART_START,148] 1.0
x[PHC,NGBON,107,DESCON_6,136] 1.0
x[BON,ART_START,0,DESCON_3,10] 1.0
x[BON,DESCON_3,10,NGBON,26] 1.0
x[BON,NGBON,26,DESCON_6,55] 1.0
x[BON,DESCON_6,55,NGBON,84] 1.0
x[BON,NGBON,84,DESCON_4,96] 1.0
x[BON,DESCON_4,96,NGBON,108] 1.0
x[BON,DESCON_6,137,ART_START,148] 1.0
x[BON,NGBON,108,DESCON_6,137] 1.0
x[LAG,ART_START,0,DESCON_4,11] 1.0
x[LAG,DESCON_4,11,NGBON,28] 1.0
x[LAG,NGBON,28,DESCON_4,40] 1.0
x[LAG,DESCON_4,40,NGBON,52] 1.0
x[LAG,NGBON,52,DESCON_5,81] 1.0
x[LAG,DESCON_5,81,NGBON,110] 1.0
x[LAG,DESCON_2,139,ART_START,148] 1.0
x[LAG,NGBON,110,DESCON_2,139] 1.0
x[BOR,ART_START,0,DESCON_4,15] 1.0
x[BOR,DESCON_4,15,NGBON,32] 1.0
x[BOR,NGBON,32,DESCON_3,43] 1.0
x[BOR,DESCON_3,43,NGBON,54] 1.0
x[BOR,NGBON,54,DESCON_6,83] 1.0
x[BOR,DESCON_6,83,NGBON,112] 1.0
x[BOR,DESCON_6,141,ART_START,148] 1.0
x[BOR,NGBON,112,DESCON_6,141] 1.0
x[OGU,ART_START,0,DESCON_4,16] 1.0
x[OGU,DESCON_4,16,NGBON,30] 1.0
x[OGU,NGBON,30,DESCON_2,59] 1.0
x[OGU,DESCON_2,59,NGBON,88] 1.0
x[OGU,NGBON,88,DESCON_3,99] 1.0
x[OGU,DESCON_3,99,NGBON,111] 1.0
x[OGU,DESCON_5,140,ART_START,148] 1.0
x[OGU,NGBON,111,DESCON_5,140] 1.0
x[BEN,ART_START,0,DESCON_3,18] 1.0
x[BEN,DESCON_3,18,NGBON,29] 1.0
x[BEN,NGBON,29,DESCON_1,57] 1.0
x[BEN,DESCON_1,57,NGBON,85] 1.0
x[BEN,DESCON_6,114,ART_START,148] 1.0
x[BEN,NGBON,85,DESCON_6,114] 0.999999999999972
x[ENU,ART_START,0,DESCON_3,20] 1.0
x[ENU,DESCON_3,20,NGBON,33] 1.0
x[ENU,NGBON,33,DESCON_1,61] 1.0
x[ENU,DESCON_1,61,NGBON,91] 1.0
x[ENU,DESCON_6,120,ART_START,148] 1.0
x[ENU,NGBON,91,DESCON_6,120] 1.0
x[OYO,ART_START,0,DESCON_3,22] 1.0
x[OYO,DESCON_3,22,NGBON,36] 1.0
x[OYO,NGBON,36,DESCON_6,65] 1.0
x[OYO,DESCON_6,65,NGBON,94] 1.0
x[OYO,DESCON_5,123,ART_START,148] 1.0
x[OYO,NGBON,94,DESCON_5,123] 1.0
x[ROR,ART_START,0,DESCON_3,24] 1.0
x[ROR,DESCON_3,24,NGBON,35] 1.0
x[ROR,NGBON,35,DESCON_6,64] 1.0
x[ROR,DESCON_6,64,ART_START,148] 1.0
x[IMO,ART_START,0,DESCON_4,26] 1.0
x[IMO,DESCON_4,26,NGBON,40] 1.0
x[IMO,NGBON,40,DESCON_1,68] 1.0
x[IMO,DESCON_1,68,NGBON,100] 1.0
x[IMO,DESCON_5,129,ART_START,148] 1.0
x[IMO,NGBON,100,DESCON_5,129] 1.0
x[KAN,ART_START,0,CRV-start,27] 1.0
x[KAN,CRV-start,27,NGBON,44] 1.0
x[KAN,NGBON,44,DESCON_5,73] 1.0
x[KAN,DESCON_5,73,NGBON,102] 1.0
x[KAN,DESCON_6,131,ART_START,148] 1.0
x[KAN,NGBON,102,DESCON_6,131] 1.0
x[LOK,ART_START,0,LOK-start,30] 1.0
x[LOK,LOK-start,30,NGBON,43] 1.0
x[LOK,NGBON,43,DESCON_1,71] 1.0
x[LOK,DESCON_1,71,NGBON,100] 1.0
x[LOK,DESCON_6,129,ART_START,148] 1.0
x[LOK,NGBON,100,DESCON_6,129] 1.0
x[OND,ART_START,0,LOK-start,34] 1.0
x[OND,LOK-start,34,NGBON,46] 1.0
x[OND,NGBON,46,DESCON_6,75] 1.0
x[OND,DESCON_6,75,ART_START,148] 1.0
z[1001,11] 1.0
z[1002,57] 1.0
z[2001,31] 1.0
z[2002,55] 1.0
z[2003,50] 1.0
z[2004,101] 1.0
z[3001,34] 1.0
z[3002,45] 1.0
z[3003,82] 1.0
z[3004,116] 1.0
z[4001,11] 1.0
z[4002,59] 1.0
z[4003,71] 1.0
z[4004,93] 1.0
z[5001,5] 1.0
z[5002,48] 1.0
z[5003,47] 1.0
z[5004,69] 1.0
z[6001,3] 1.0
z[6002,39] 1.0
z[6003,66] 1.0
z[6004,114] 1.0
z[ART_FIC,5] 3.012838681538899e-14
z[ART_FIC,58] 1.0
z[ART_FIC,60] 1.0
z[ART_FIC,61] 1.0
z[ART_FIC,62] 1.0
z[ART_FIC,65] 1.0
z[ART_FIC,68] 1.0
z[ART_FIC,70] 1.0
z[ART_FIC,87] 1.0
z[ART_FIC,103] 1.0
z[ART_FIC,122] 1.0
w[NGBON,2,DESCON_6] 1.0
w[NGBON,7,DESCON_7] 1.0
w[NGBON,8,DESCON_2] 1.0
w[NGBON,8,DESCON_6] 1.0
w[NGBON,21,DESCON_1] 1.0
w[NGBON,41,DESCON_4] 1.0
w[NGBON,42,DESCON_7] 1.0
w[NGBON,63,DESCON_6] 1.0
w[NGBON,89,DESCON_2] 1.0
w[NGBON,91,DESCON_6] 1.0
w[NGBON,98,DESCON_6] 1.0
w[NGBON,115,DESCON_6] 1.0
w[NGBON,117,DESCON_3] 1.0
g[NGBON,2,DESCON_6] 180000.0
g[NGBON,7,DESCON_7] 180000.0
g[NGBON,8,DESCON_2] 174320.80199999496
g[NGBON,8,DESCON_6] 180000.0
g[NGBON,21,DESCON_1] 180000.0
g[NGBON,41,DESCON_4] 111660.01935627776
g[NGBON,42,DESCON_7] 127515.51813245578
g[NGBON,48,DESCON_3] 2.3283064365386963e-10
g[NGBON,62,DESCON_2] -5.862791244823908e-10
g[NGBON,63,DESCON_6] 180000.0
g[NGBON,89,DESCON_2] 176221.8741855729
g[NGBON,91,DESCON_6] 179550.28369381
g[NGBON,98,DESCON_6] 180000.0
g[NGBON,115,DESCON_6] 180000.0
g[NGBON,117,DESCON_3] 161208.12429640116
s[NGBON,1] 195250.0
s[NGBON,2] 142500.0
s[NGBON,3] 103750.0
s[NGBON,4] 231000.0
s[NGBON,5] 206249.99999999348
s[NGBON,6] 333499.9999999935
s[NGBON,7] 280749.9999999935
s[NGBON,8] 53679.19799999852
s[NGBON,9] 180929.19799999852
s[NGBON,10] 308179.1979999985
s[NGBON,11] 95429.19799999852
s[NGBON,12] 222679.19799999852
s[NGBON,13] 212892.29799999853
s[NGBON,14] 198943.74799999854
s[NGBON,15] 326193.7479999985
s[NGBON,16] 171046.64799999856
s[NGBON,17] 298296.64799999853
s[NGBON,18] 75257.97899999857
s[NGBON,19] 202507.9789999973
s[NGBON,20] 192657.90899999696
s[NGBON,21] 139907.9089999984
s[NGBON,22] 125959.35899999854
s[NGBON,23] 78178.39999999854
s[NGBON,24] 205428.39999999854
s[NGBON,25] 157561.39999999854
s[NGBON,26] 108001.99999999854
s[NGBON,27] 235251.99999999854
s[NGBON,28] 185647.09999999855
s[NGBON,29] 166945.19999999856
s[NGBON,30] 144244.39999999816
s[NGBON,31] 136494.39999999857
s[NGBON,32] 113793.59999999858
s[NGBON,33] 95117.79999999874
s[NGBON,34] 77367.8
s[NGBON,35] 58675.79999999999
s[NGBON,36] 40000.0
s[NGBON,37] 167249.99999999767
s[NGBON,38] 294499.9999999981
s[NGBON,39] 286749.99999999854
s[NGBON,40] 265563.4299999986
s[NGBON,41] 281153.41064372315
s[NGBON,42] 280887.8925112674
s[NGBON,43] 259666.5925112674
s[NGBON,44] 238378.9925112674
s[NGBON,45] 198628.99251126742
s[NGBON,46] 177399.0925112674
s[NGBON,47] 139649.0925112674
s[NGBON,48] 114899.09251126717
s[NGBON,49] 67032.09251126742
s[NGBON,50] 44282.092511267416
s[NGBON,51] 171532.09251126746
s[NGBON,52] 121927.19251126744
s[NGBON,53] 249177.1925112669
s[NGBON,54] 226476.392511266
s[NGBON,55] 178726.39251126724
s[NGBON,56] 305976.39251126745
s[NGBON,57] 261226.39251126745
s[NGBON,58] 238476.39251126698
s[NGBON,59] 213726.39251126564
s[NGBON,60] 190976.39251126564
s[NGBON,61] 168226.39251126564
s[NGBON,62] 145476.3925112665
s[NGBON,63] 92726.39251126649
s[NGBON,64] 219976.39251126646
s[NGBON,65] 197226.39251126646
s[NGBON,66] 172476.39251126646
s[NGBON,67] 299726.39251126646
s[NGBON,68] 276976.39251126646
s[NGBON,69] 249226.39251126733
s[NGBON,70] 89376.32251126732
s[NGBON,71] 64626.322511267324
s[NGBON,72] 191876.32251126732
s[NGBON,73] 319126.3225112673
s[NGBON,74] 271267.52251126734
s[NGBON,75] 223337.65351126745
s[NGBON,76] 209389.10351126746
s[NGBON,77] 195440.55351126747
s[NGBON,78] 181492.00351126687
s[NGBON,79] 171705.1035112675
s[NGBON,80] 157756.5535112675
s[NGBON,81] 109975.5945112675
s[NGBON,82] 87225.5945112675
s[NGBON,83] 214475.5945112675
s[NGBON,84] 164916.194511267
s[NGBON,85] 146214.29451127292
s[NGBON,86] 273464.29451126733
s[NGBON,87] 250714.2945112675
s[NGBON,88] 228013.49451126752
s[NGBON,89] 179041.62032569302
s[NGBON,90] 306291.6203256927
s[NGBON,91] 108065.53663188276
s[NGBON,92] 235315.53663188656
s[NGBON,93] 227565.53663188688
s[NGBON,94] 208889.73663188724
s[NGBON,95] 336139.73663188727
s[NGBON,96] 288280.93663188705
s[NGBON,97] 240351.06763188704
s[NGBON,98] 187601.06763188643
s[NGBON,99] 314851.0676318873
s[NGBON,100] 145193.19763188728
s[NGBON,101] 97443.19763188728
s[NGBON,102] 76155.59763188727
s[NGBON,103] 53405.59763188727
s[NGBON,104] 180655.59763188727
s[NGBON,105] 132874.63863188165
s[NGBON,106] 260124.63863188672
s[NGBON,107] 212257.63863188727
s[NGBON,108] 162698.23863188727
s[NGBON,109] 289948.23863188724
s[NGBON,110] 240343.33863188725
s[NGBON,111] 217642.53863188726
s[NGBON,112] 194941.73863188727
s[NGBON,113] 322191.73863188724
s[NGBON,114] 294441.73863188724
s[NGBON,115] 241691.73863188724
s[NGBON,116] 201941.73863188724
s[NGBON,117] 167983.61433548608
s[NGBON,118] 295233.61433548614
s[NGBON,119] 247303.74533548614
s[NGBON,120] 199444.94533548615
s[NGBON,121] 189594.87533548614
s[NGBON,122] 166844.87533548614
s[NGBON,123] 294094.87533548614