
Gurobi 9.5.2 (mac64[x86]) logging started Fri Dec  9 22:41:43 2022

Set parameter LogFile to value "solution/2S_15V_60D/t_2S_10V_60D_a.log"
Gurobi Optimizer version 9.5.2 build v9.5.2rc0 (mac64[x86])
Thread count: 4 physical cores, 8 logical processors, using up to 8 threads
Optimize a model with 7935 rows, 96710 columns and 428206 nonzeros
Model fingerprint: 0x1f03a4ac
Variable types: 854 continuous, 95856 integer (95856 binary)
Coefficient statistics:
  Matrix range     [1e+00, 2e+05]
  Objective range  [4e+01, 2e+07]
  Bounds range     [1e+00, 1e+00]
  RHS range        [1e+00, 5e+05]
Presolve removed 2971 rows and 4659 columns
Presolve time: 1.73s
Presolved: 4964 rows, 92051 columns, 354914 nonzeros
Variable types: 839 continuous, 91212 integer (91206 binary)

Root simplex log...

Iteration    Objective       Primal Inf.    Dual Inf.      Time
   13249    2.8569889e+08   3.299897e+03   0.000000e+00      5s
   15357    2.8558434e+08   0.000000e+00   0.000000e+00      7s

Root relaxation: objective 2.855843e+08, 15357 iterations, 4.70 seconds (6.04 work units)

    Nodes    |    Current Node    |     Objective Bounds      |     Work
 Expl Unexpl |  Obj  Depth IntInf | Incumbent    BestBd   Gap | It/Node Time

     0     0 2.8558e+08    0  113          - 2.8558e+08      -     -    7s
     0     0 2.8444e+08    0  118          - 2.8444e+08      -     -   10s
     0     0 2.8443e+08    0  117          - 2.8443e+08      -     -   13s
     0     0 2.8443e+08    0  123          - 2.8443e+08      -     -   13s
     0     0 2.8442e+08    0  121          - 2.8442e+08      -     -   14s
     0     0 2.8442e+08    0  123          - 2.8442e+08      -     -   14s
     0     0 2.8442e+08    0  127          - 2.8442e+08      -     -   14s
     0     0 2.8441e+08    0  121          - 2.8441e+08      -     -   15s
     0     0 2.8441e+08    0  121          - 2.8441e+08      -     -   16s
     0     0 2.8441e+08    0  123          - 2.8441e+08      -     -   16s
     0     0 2.8441e+08    0  122          - 2.8441e+08      -     -   17s
     0     0 2.8441e+08    0  122          - 2.8441e+08      -     -   17s
     0     0 2.8440e+08    0  124          - 2.8440e+08      -     -   17s
     0     0 2.8440e+08    0  125          - 2.8440e+08      -     -   18s
     0     0 2.8440e+08    0  122          - 2.8440e+08      -     -   18s
     0     0 2.8440e+08    0  127          - 2.8440e+08      -     -   18s
     0     0 2.8440e+08    0  128          - 2.8440e+08      -     -   19s
     0     0 2.8440e+08    0  128          - 2.8440e+08      -     -   19s
     0     0 2.8440e+08    0  127          - 2.8440e+08      -     -   19s
     0     0 2.8439e+08    0  121          - 2.8439e+08      -     -   19s
     0     0 2.8439e+08    0  136          - 2.8439e+08      -     -   20s
     0     0 2.8439e+08    0  135          - 2.8439e+08      -     -   20s
     0     0 2.8439e+08    0  127          - 2.8439e+08      -     -   20s
     0     0 2.8439e+08    0  135          - 2.8439e+08      -     -   20s
     0     0 2.8439e+08    0  140          - 2.8439e+08      -     -   21s
     0     0 2.8439e+08    0  139          - 2.8439e+08      -     -   21s
     0     0 2.8439e+08    0  134          - 2.8439e+08      -     -   22s
     0     0 2.8439e+08    0  133          - 2.8439e+08      -     -   22s
     0     0 2.8439e+08    0  134          - 2.8439e+08      -     -   22s
     0     0 2.8439e+08    0  130          - 2.8439e+08      -     -   23s
     0     0 2.8438e+08    0  124          - 2.8438e+08      -     -   28s
     0     0 2.8438e+08    0  124          - 2.8438e+08      -     -   29s
     0     0 2.8438e+08    0  116          - 2.8438e+08      -     -   30s
     0     0 2.8438e+08    0  120          - 2.8438e+08      -     -   30s
     0     0 2.8438e+08    0  116          - 2.8438e+08      -     -   30s
     0     0 2.8438e+08    0  116          - 2.8438e+08      -     -   31s
     0     0 2.8438e+08    0  120          - 2.8438e+08      -     -   31s
     0     0 2.8437e+08    0  116          - 2.8437e+08      -     -   31s
     0     0 2.8437e+08    0  118          - 2.8437e+08      -     -   31s
     0     0 2.8437e+08    0  117          - 2.8437e+08      -     -   32s
     0     0 2.8437e+08    0  117          - 2.8437e+08      -     -   32s
     0     0 2.8437e+08    0  117          - 2.8437e+08      -     -   32s
     0     0 2.8437e+08    0  117          - 2.8437e+08      -     -   33s
     0     0 2.8437e+08    0  119          - 2.8437e+08      -     -   33s
     0     0 2.8437e+08    0  117          - 2.8437e+08      -     -   33s
     0     0 2.8437e+08    0  117          - 2.8437e+08      -     -   33s
     0     2 2.8428e+08    0  113          - 2.8428e+08      -     -   58s
     1     3 2.8428e+08    1  113          - 2.8428e+08      -   644   60s
    13    11 2.8428e+08    5  124          - 2.8428e+08      -   185   66s
    30    23 2.8428e+08    8  123          - 2.8428e+08      -   179   71s
    52    46 2.8428e+08   13  119          - 2.8428e+08      -   161   76s
    89    97 2.8428e+08   19  109          - 2.8428e+08      -   135   81s
   181   169 2.8428e+08   39  109          - 2.8428e+08      -   103   86s
   306   255 2.8428e+08   71   84          - 2.8428e+08      -  94.5   92s
   350   290 2.8428e+08   73   77          - 2.8428e+08      -  96.3   95s
   481   378 2.8425e+08   95   65          - 2.8428e+08      -  90.4  103s
   542   441 2.8417e+08  112   64          - 2.8428e+08      -  91.7  108s
   620   510 2.8403e+08  124   63          - 2.8428e+08      -  87.4  112s
   756   591 2.8428e+08   13  108          - 2.8428e+08      -  76.4  116s
   854   682 2.8428e+08   28   78          - 2.8428e+08      -  72.7  121s
   981   783 2.8427e+08   37   71          - 2.8428e+08      -  69.5  125s
  1176   902 2.8423e+08  110   72          - 2.8428e+08      -  62.9  130s
  1664  1191 2.8401e+08  234   49          - 2.8428e+08      -  49.5  138s
  1844  1308 2.8400e+08  276   53          - 2.8428e+08      -  46.3  143s
  2061  1476 2.8399e+08  312   54          - 2.8428e+08      -  42.5  148s
  2325  1674 2.8397e+08  357   59          - 2.8428e+08      -  38.8  153s
  2661  1805 2.8393e+08  397   53          - 2.8428e+08      -  34.7  159s
  2989  1966 2.8392e+08  423   57          - 2.8428e+08      -  31.5  165s
  3624  2364 2.8389e+08  498   60          - 2.8428e+08      -  26.9  174s
  4016  2620 2.8385e+08  547   61          - 2.8428e+08      -  24.9  178s
  4408  2876 2.8374e+08  595   43          - 2.8428e+08      -  23.4  183s
  4777  3165 2.8370e+08  645   42          - 2.8428e+08      -  22.2  187s
  5177  3166 2.8367e+08  636  117          - 2.8428e+08      -  21.4  222s
  5179  3167 2.8069e+08  756  108          - 2.8428e+08      -  21.3  230s
  5184  3171 2.8373e+08  292  127          - 2.8428e+08      -  21.3  235s
  5189  3174 2.8307e+08  587  123          - 2.8428e+08      -  21.3  240s
  5193  3177 2.8428e+08    9  130          - 2.8428e+08      -  21.3  248s
  5194  3177 2.8390e+08  350  132          - 2.8428e+08      -  21.3  250s
  5197  3179 2.8273e+08 1121  114          - 2.8425e+08      -  21.3  255s
  5205  3185 2.8283e+08 1442  121          - 2.8422e+08      -  21.2  260s
  5210  3188 2.8422e+08   25  130          - 2.8422e+08      -  21.2  265s
  5216  3192 2.8289e+08 1310  131          - 2.8422e+08      -  21.2  270s
  5219  3194 2.8391e+08  338  140          - 2.8422e+08      -  21.2  275s
  5222  3196 2.8301e+08  841  135          - 2.8422e+08      -  21.2  281s
  5223  3197 2.8289e+08  844  129          - 2.8422e+08      -  21.2  286s
  5229  3201 2.8364e+08  701  120          - 2.8421e+08      -  21.1  290s
  5236  3205 2.8352e+08  427  120          - 2.8421e+08      -  21.1  295s
  5243  3210 2.8292e+08 1264  117          - 2.8420e+08      -  21.1  300s
  5251  3215 2.8028e+08 1199  116          - 2.8420e+08      -  21.1  305s
  5257  3219 2.8289e+08  569  117          - 2.8420e+08      -  21.0  310s
  5265  3225 2.8276e+08 1571  119          - 2.8419e+08      -  21.0  315s
  5273  3230 2.8419e+08   73  114          - 2.8419e+08      -  21.0  320s
  5275  3231 2.7941e+08 1494  115          - 2.8419e+08      -  21.0  353s
  5276  3232 2.8305e+08  789  107          - 2.8419e+08      -  21.0  355s
  5283  3237 2.8371e+08  321  106          - 2.8419e+08      -  20.9  360s
  5290  3241 2.8407e+08   59  105          - 2.8418e+08      -  20.9  365s
